{"uid":"1411ed81e5677273","name":"test_smoke","fullName":"tests.integration.test_smoke#test_smoke","historyId":"78ffebf457376473b3476ee0f7a454c9","time":{"start":1731461054627,"stop":1731461347938,"duration":293311},"description":"Deploy bundle with apps and test various component integrations.","descriptionHtml":"<p>Deploy bundle with apps and test various component integrations.</p>\n","status":"failed","statusMessage":"AssertionError: assert 'mysql-database' in ['information_schema', 'mysql', 'performance_schema', 'sys']","statusTrace":"Traceback (most recent call last):\n  File \"/home/runner/work/mysql-k8s-bundle/mysql-k8s-bundle/.tox/integration/lib/python3.10/site-packages/_pytest/runner.py\", line 341, in from_call\n    result: TResult | None = func()\n  File \"/home/runner/work/mysql-k8s-bundle/mysql-k8s-bundle/.tox/integration/lib/python3.10/site-packages/_pytest/runner.py\", line 242, in <lambda>\n    lambda: runtest_hook(item=item, **kwds), when=when, reraise=reraise\n  File \"/home/runner/work/mysql-k8s-bundle/mysql-k8s-bundle/.tox/integration/lib/python3.10/site-packages/pluggy/_hooks.py\", line 513, in __call__\n    return self._hookexec(self.name, self._hookimpls.copy(), kwargs, firstresult)\n  File \"/home/runner/work/mysql-k8s-bundle/mysql-k8s-bundle/.tox/integration/lib/python3.10/site-packages/pluggy/_manager.py\", line 120, in _hookexec\n    return self._inner_hookexec(hook_name, methods, kwargs, firstresult)\n  File \"/home/runner/work/mysql-k8s-bundle/mysql-k8s-bundle/.tox/integration/lib/python3.10/site-packages/pluggy/_callers.py\", line 182, in _multicall\n    return outcome.get_result()\n  File \"/home/runner/work/mysql-k8s-bundle/mysql-k8s-bundle/.tox/integration/lib/python3.10/site-packages/pluggy/_result.py\", line 100, in get_result\n    raise exc.with_traceback(exc.__traceback__)\n  File \"/home/runner/work/mysql-k8s-bundle/mysql-k8s-bundle/.tox/integration/lib/python3.10/site-packages/pluggy/_callers.py\", line 167, in _multicall\n    teardown.throw(outcome._exception)\n  File \"/home/runner/work/mysql-k8s-bundle/mysql-k8s-bundle/.tox/integration/lib/python3.10/site-packages/_pytest/threadexception.py\", line 92, in pytest_runtest_call\n    yield from thread_exception_runtest_hook()\n  File \"/home/runner/work/mysql-k8s-bundle/mysql-k8s-bundle/.tox/integration/lib/python3.10/site-packages/_pytest/threadexception.py\", line 68, in thread_exception_runtest_hook\n    yield\n  File \"/home/runner/work/mysql-k8s-bundle/mysql-k8s-bundle/.tox/integration/lib/python3.10/site-packages/pluggy/_callers.py\", line 167, in _multicall\n    teardown.throw(outcome._exception)\n  File \"/home/runner/work/mysql-k8s-bundle/mysql-k8s-bundle/.tox/integration/lib/python3.10/site-packages/_pytest/unraisableexception.py\", line 95, in pytest_runtest_call\n    yield from unraisable_exception_runtest_hook()\n  File \"/home/runner/work/mysql-k8s-bundle/mysql-k8s-bundle/.tox/integration/lib/python3.10/site-packages/_pytest/unraisableexception.py\", line 70, in unraisable_exception_runtest_hook\n    yield\n  File \"/home/runner/work/mysql-k8s-bundle/mysql-k8s-bundle/.tox/integration/lib/python3.10/site-packages/pluggy/_callers.py\", line 167, in _multicall\n    teardown.throw(outcome._exception)\n  File \"/home/runner/work/mysql-k8s-bundle/mysql-k8s-bundle/.tox/integration/lib/python3.10/site-packages/_pytest/logging.py\", line 846, in pytest_runtest_call\n    yield from self._runtest_for(item, \"call\")\n  File \"/home/runner/work/mysql-k8s-bundle/mysql-k8s-bundle/.tox/integration/lib/python3.10/site-packages/_pytest/logging.py\", line 829, in _runtest_for\n    yield\n  File \"/home/runner/work/mysql-k8s-bundle/mysql-k8s-bundle/.tox/integration/lib/python3.10/site-packages/pluggy/_callers.py\", line 167, in _multicall\n    teardown.throw(outcome._exception)\n  File \"/home/runner/work/mysql-k8s-bundle/mysql-k8s-bundle/.tox/integration/lib/python3.10/site-packages/_pytest/capture.py\", line 880, in pytest_runtest_call\n    return (yield)\n  File \"/home/runner/work/mysql-k8s-bundle/mysql-k8s-bundle/.tox/integration/lib/python3.10/site-packages/pluggy/_callers.py\", line 167, in _multicall\n    teardown.throw(outcome._exception)\n  File \"/home/runner/work/mysql-k8s-bundle/mysql-k8s-bundle/.tox/integration/lib/python3.10/site-packages/_pytest/skipping.py\", line 257, in pytest_runtest_call\n    return (yield)\n  File \"/home/runner/work/mysql-k8s-bundle/mysql-k8s-bundle/.tox/integration/lib/python3.10/site-packages/pluggy/_callers.py\", line 103, in _multicall\n    res = hook_impl.function(*args)\n  File \"/home/runner/work/mysql-k8s-bundle/mysql-k8s-bundle/.tox/integration/lib/python3.10/site-packages/_pytest/runner.py\", line 174, in pytest_runtest_call\n    item.runtest()\n  File \"/home/runner/work/mysql-k8s-bundle/mysql-k8s-bundle/.tox/integration/lib/python3.10/site-packages/_pytest/python.py\", line 1627, in runtest\n    self.ihook.pytest_pyfunc_call(pyfuncitem=self)\n  File \"/home/runner/work/mysql-k8s-bundle/mysql-k8s-bundle/.tox/integration/lib/python3.10/site-packages/pluggy/_hooks.py\", line 513, in __call__\n    return self._hookexec(self.name, self._hookimpls.copy(), kwargs, firstresult)\n  File \"/home/runner/work/mysql-k8s-bundle/mysql-k8s-bundle/.tox/integration/lib/python3.10/site-packages/pluggy/_manager.py\", line 120, in _hookexec\n    return self._inner_hookexec(hook_name, methods, kwargs, firstresult)\n  File \"/home/runner/work/mysql-k8s-bundle/mysql-k8s-bundle/.tox/integration/lib/python3.10/site-packages/pluggy/_callers.py\", line 182, in _multicall\n    return outcome.get_result()\n  File \"/home/runner/work/mysql-k8s-bundle/mysql-k8s-bundle/.tox/integration/lib/python3.10/site-packages/pluggy/_result.py\", line 100, in get_result\n    raise exc.with_traceback(exc.__traceback__)\n  File \"/home/runner/work/mysql-k8s-bundle/mysql-k8s-bundle/.tox/integration/lib/python3.10/site-packages/pluggy/_callers.py\", line 103, in _multicall\n    res = hook_impl.function(*args)\n  File \"/home/runner/work/mysql-k8s-bundle/mysql-k8s-bundle/.tox/integration/lib/python3.10/site-packages/_pytest/python.py\", line 159, in pytest_pyfunc_call\n    result = testfunction(**testargs)\n  File \"/home/runner/work/mysql-k8s-bundle/mysql-k8s-bundle/.tox/integration/lib/python3.10/site-packages/pytest_asyncio/plugin.py\", line 529, in inner\n    _loop.run_until_complete(task)\n  File \"/usr/lib/python3.10/asyncio/base_events.py\", line 649, in run_until_complete\n    return future.result()\n  File \"/home/runner/work/mysql-k8s-bundle/mysql-k8s-bundle/tests/integration/test_smoke.py\", line 108, in test_smoke\n    assert \"mysql-database\" in databases\nAssertionError: assert 'mysql-database' in ['information_schema', 'mysql', 'performance_schema', 'sys']","flaky":true,"newFailed":true,"newBroken":false,"newPassed":false,"retriesCount":1,"retriesStatusChange":true,"beforeStages":[{"name":"event_loop","time":{"start":1731461054391,"stop":1731461054392,"duration":1},"status":"passed","steps":[],"attachments":[],"parameters":[],"stepsCount":0,"shouldDisplayMessage":false,"attachmentsCount":0,"hasContent":false,"attachmentStep":false},{"name":"ops_test","time":{"start":1731461054392,"stop":1731461054626,"duration":234},"status":"passed","steps":[],"attachments":[],"parameters":[],"stepsCount":0,"shouldDisplayMessage":false,"attachmentsCount":0,"hasContent":false,"attachmentStep":false},{"name":"tmp_path_factory","time":{"start":1731461054392,"stop":1731461054392,"duration":0},"status":"passed","steps":[],"attachments":[],"parameters":[],"stepsCount":0,"shouldDisplayMessage":false,"attachmentsCount":0,"hasContent":false,"attachmentStep":false},{"name":"abort_on_fail","time":{"start":1731461054627,"stop":1731461054627,"duration":0},"status":"passed","steps":[],"attachments":[],"parameters":[],"stepsCount":0,"shouldDisplayMessage":false,"attachmentsCount":0,"hasContent":false,"attachmentStep":false}],"testStage":{"description":"Deploy bundle with apps and test various component integrations.","status":"failed","statusMessage":"AssertionError: assert 'mysql-database' in ['information_schema', 'mysql', 'performance_schema', 'sys']","statusTrace":"Traceback (most recent call last):\n  File \"/home/runner/work/mysql-k8s-bundle/mysql-k8s-bundle/.tox/integration/lib/python3.10/site-packages/_pytest/runner.py\", line 341, in from_call\n    result: TResult | None = func()\n  File \"/home/runner/work/mysql-k8s-bundle/mysql-k8s-bundle/.tox/integration/lib/python3.10/site-packages/_pytest/runner.py\", line 242, in <lambda>\n    lambda: runtest_hook(item=item, **kwds), when=when, reraise=reraise\n  File \"/home/runner/work/mysql-k8s-bundle/mysql-k8s-bundle/.tox/integration/lib/python3.10/site-packages/pluggy/_hooks.py\", line 513, in __call__\n    return self._hookexec(self.name, self._hookimpls.copy(), kwargs, firstresult)\n  File \"/home/runner/work/mysql-k8s-bundle/mysql-k8s-bundle/.tox/integration/lib/python3.10/site-packages/pluggy/_manager.py\", line 120, in _hookexec\n    return self._inner_hookexec(hook_name, methods, kwargs, firstresult)\n  File \"/home/runner/work/mysql-k8s-bundle/mysql-k8s-bundle/.tox/integration/lib/python3.10/site-packages/pluggy/_callers.py\", line 182, in _multicall\n    return outcome.get_result()\n  File \"/home/runner/work/mysql-k8s-bundle/mysql-k8s-bundle/.tox/integration/lib/python3.10/site-packages/pluggy/_result.py\", line 100, in get_result\n    raise exc.with_traceback(exc.__traceback__)\n  File \"/home/runner/work/mysql-k8s-bundle/mysql-k8s-bundle/.tox/integration/lib/python3.10/site-packages/pluggy/_callers.py\", line 167, in _multicall\n    teardown.throw(outcome._exception)\n  File \"/home/runner/work/mysql-k8s-bundle/mysql-k8s-bundle/.tox/integration/lib/python3.10/site-packages/_pytest/threadexception.py\", line 92, in pytest_runtest_call\n    yield from thread_exception_runtest_hook()\n  File \"/home/runner/work/mysql-k8s-bundle/mysql-k8s-bundle/.tox/integration/lib/python3.10/site-packages/_pytest/threadexception.py\", line 68, in thread_exception_runtest_hook\n    yield\n  File \"/home/runner/work/mysql-k8s-bundle/mysql-k8s-bundle/.tox/integration/lib/python3.10/site-packages/pluggy/_callers.py\", line 167, in _multicall\n    teardown.throw(outcome._exception)\n  File \"/home/runner/work/mysql-k8s-bundle/mysql-k8s-bundle/.tox/integration/lib/python3.10/site-packages/_pytest/unraisableexception.py\", line 95, in pytest_runtest_call\n    yield from unraisable_exception_runtest_hook()\n  File \"/home/runner/work/mysql-k8s-bundle/mysql-k8s-bundle/.tox/integration/lib/python3.10/site-packages/_pytest/unraisableexception.py\", line 70, in unraisable_exception_runtest_hook\n    yield\n  File \"/home/runner/work/mysql-k8s-bundle/mysql-k8s-bundle/.tox/integration/lib/python3.10/site-packages/pluggy/_callers.py\", line 167, in _multicall\n    teardown.throw(outcome._exception)\n  File \"/home/runner/work/mysql-k8s-bundle/mysql-k8s-bundle/.tox/integration/lib/python3.10/site-packages/_pytest/logging.py\", line 846, in pytest_runtest_call\n    yield from self._runtest_for(item, \"call\")\n  File \"/home/runner/work/mysql-k8s-bundle/mysql-k8s-bundle/.tox/integration/lib/python3.10/site-packages/_pytest/logging.py\", line 829, in _runtest_for\n    yield\n  File \"/home/runner/work/mysql-k8s-bundle/mysql-k8s-bundle/.tox/integration/lib/python3.10/site-packages/pluggy/_callers.py\", line 167, in _multicall\n    teardown.throw(outcome._exception)\n  File \"/home/runner/work/mysql-k8s-bundle/mysql-k8s-bundle/.tox/integration/lib/python3.10/site-packages/_pytest/capture.py\", line 880, in pytest_runtest_call\n    return (yield)\n  File \"/home/runner/work/mysql-k8s-bundle/mysql-k8s-bundle/.tox/integration/lib/python3.10/site-packages/pluggy/_callers.py\", line 167, in _multicall\n    teardown.throw(outcome._exception)\n  File \"/home/runner/work/mysql-k8s-bundle/mysql-k8s-bundle/.tox/integration/lib/python3.10/site-packages/_pytest/skipping.py\", line 257, in pytest_runtest_call\n    return (yield)\n  File \"/home/runner/work/mysql-k8s-bundle/mysql-k8s-bundle/.tox/integration/lib/python3.10/site-packages/pluggy/_callers.py\", line 103, in _multicall\n    res = hook_impl.function(*args)\n  File \"/home/runner/work/mysql-k8s-bundle/mysql-k8s-bundle/.tox/integration/lib/python3.10/site-packages/_pytest/runner.py\", line 174, in pytest_runtest_call\n    item.runtest()\n  File \"/home/runner/work/mysql-k8s-bundle/mysql-k8s-bundle/.tox/integration/lib/python3.10/site-packages/_pytest/python.py\", line 1627, in runtest\n    self.ihook.pytest_pyfunc_call(pyfuncitem=self)\n  File \"/home/runner/work/mysql-k8s-bundle/mysql-k8s-bundle/.tox/integration/lib/python3.10/site-packages/pluggy/_hooks.py\", line 513, in __call__\n    return self._hookexec(self.name, self._hookimpls.copy(), kwargs, firstresult)\n  File \"/home/runner/work/mysql-k8s-bundle/mysql-k8s-bundle/.tox/integration/lib/python3.10/site-packages/pluggy/_manager.py\", line 120, in _hookexec\n    return self._inner_hookexec(hook_name, methods, kwargs, firstresult)\n  File \"/home/runner/work/mysql-k8s-bundle/mysql-k8s-bundle/.tox/integration/lib/python3.10/site-packages/pluggy/_callers.py\", line 182, in _multicall\n    return outcome.get_result()\n  File \"/home/runner/work/mysql-k8s-bundle/mysql-k8s-bundle/.tox/integration/lib/python3.10/site-packages/pluggy/_result.py\", line 100, in get_result\n    raise exc.with_traceback(exc.__traceback__)\n  File \"/home/runner/work/mysql-k8s-bundle/mysql-k8s-bundle/.tox/integration/lib/python3.10/site-packages/pluggy/_callers.py\", line 103, in _multicall\n    res = hook_impl.function(*args)\n  File \"/home/runner/work/mysql-k8s-bundle/mysql-k8s-bundle/.tox/integration/lib/python3.10/site-packages/_pytest/python.py\", line 159, in pytest_pyfunc_call\n    result = testfunction(**testargs)\n  File \"/home/runner/work/mysql-k8s-bundle/mysql-k8s-bundle/.tox/integration/lib/python3.10/site-packages/pytest_asyncio/plugin.py\", line 529, in inner\n    _loop.run_until_complete(task)\n  File \"/usr/lib/python3.10/asyncio/base_events.py\", line 649, in run_until_complete\n    return future.result()\n  File \"/home/runner/work/mysql-k8s-bundle/mysql-k8s-bundle/tests/integration/test_smoke.py\", line 108, in test_smoke\n    assert \"mysql-database\" in databases\nAssertionError: assert 'mysql-database' in ['information_schema', 'mysql', 'performance_schema', 'sys']","steps":[],"attachments":[{"uid":"570bb4e6a98b9954","name":"log","source":"570bb4e6a98b9954.txt","type":"text/plain","size":12895}],"parameters":[],"stepsCount":0,"shouldDisplayMessage":true,"attachmentsCount":1,"hasContent":true,"attachmentStep":false},"afterStages":[{"name":"ops_test::finalizer","time":{"start":1731461347991,"stop":1731461348862,"duration":871},"status":"passed","steps":[],"attachments":[],"parameters":[],"stepsCount":0,"shouldDisplayMessage":false,"attachmentsCount":0,"hasContent":false,"attachmentStep":false},{"name":"abort_on_fail::0","time":{"start":1731461347991,"stop":1731461347991,"duration":0},"status":"passed","steps":[],"attachments":[],"parameters":[],"stepsCount":0,"shouldDisplayMessage":false,"attachmentsCount":0,"hasContent":false,"attachmentStep":false},{"name":"event_loop::2","time":{"start":1731461348863,"stop":1731461348863,"duration":0},"status":"passed","steps":[],"attachments":[],"parameters":[],"stepsCount":0,"shouldDisplayMessage":false,"attachmentsCount":0,"hasContent":false,"attachmentStep":false},{"name":"event_loop::_close_event_loop","time":{"start":1731461348863,"stop":1731461348863,"duration":0},"status":"passed","steps":[],"attachments":[],"parameters":[],"stepsCount":0,"shouldDisplayMessage":false,"attachmentsCount":0,"hasContent":false,"attachmentStep":false},{"name":"event_loop::_provide_clean_event_loop","time":{"start":1731461348863,"stop":1731461348863,"duration":0},"status":"passed","steps":[],"attachments":[],"parameters":[],"stepsCount":0,"shouldDisplayMessage":false,"attachmentsCount":0,"hasContent":false,"attachmentStep":false}],"labels":[{"name":"tag","value":"group(1)"},{"name":"tag","value":"abort_on_fail"},{"name":"tag","value":"asyncio"},{"name":"parentSuite","value":"tests.integration"},{"name":"suite","value":"test_smoke"},{"name":"host","value":"fv-az1542-447"},{"name":"thread","value":"12764-MainThread"},{"name":"framework","value":"pytest"},{"name":"language","value":"cpython3"},{"name":"package","value":"tests.integration.test_smoke"},{"name":"resultFormat","value":"allure2"}],"parameters":[],"links":[],"hidden":false,"retry":false,"extra":{"severity":"normal","retries":[{"uid":"8a4273ff49cc6f63","status":"unknown","time":{}}],"categories":[{"name":"Product defects","matchedStatuses":[],"flaky":false}],"history":{"statistic":{"failed":24,"broken":1,"skipped":0,"passed":80,"unknown":0,"total":105},"items":[{"uid":"4dcd470af915395","reportUrl":"../1403//#testresult/4dcd470af915395","status":"passed","time":{"start":1731374658007,"stop":1731374962620,"duration":304613}},{"uid":"97bf41a2eb9143ab","reportUrl":"../1400//#testresult/97bf41a2eb9143ab","status":"passed","time":{"start":1731288270829,"stop":1731288549855,"duration":279026}},{"uid":"d1381a5c930623d0","reportUrl":"../1398//#testresult/d1381a5c930623d0","status":"passed","time":{"start":1731201934283,"stop":1731202259910,"duration":325627}},{"uid":"83a3981b869cebb7","reportUrl":"../1396//#testresult/83a3981b869cebb7","status":"passed","time":{"start":1731115443428,"stop":1731115705182,"duration":261754}},{"uid":"10adf34a5452a7bd","reportUrl":"../1394//#testresult/10adf34a5452a7bd","status":"failed","statusDetails":"AssertionError: assert 'mysql-database' in ['information_schema', 'mysql', 'performance_schema', 'sys']","time":{"start":1731029168076,"stop":1731029495299,"duration":327223}},{"uid":"eb62ba2ed59435cc","reportUrl":"../1392//#testresult/eb62ba2ed59435cc","status":"passed","time":{"start":1730942681916,"stop":1730942983322,"duration":301406}},{"uid":"1adf7cd049c7c08","reportUrl":"../1390//#testresult/1adf7cd049c7c08","status":"passed","time":{"start":1730856282425,"stop":1730856611670,"duration":329245}},{"uid":"929da001419f5533","reportUrl":"../1388//#testresult/929da001419f5533","status":"passed","time":{"start":1730769866439,"stop":1730770410101,"duration":543662}},{"uid":"23d7592a2a381acd","reportUrl":"../1386//#testresult/23d7592a2a381acd","status":"passed","time":{"start":1730683484313,"stop":1730683767240,"duration":282927}},{"uid":"c90177a9e7b05429","reportUrl":"../1383//#testresult/c90177a9e7b05429","status":"passed","time":{"start":1730597096952,"stop":1730597411475,"duration":314523}},{"uid":"58656f3219d2d3a7","reportUrl":"../1381//#testresult/58656f3219d2d3a7","status":"passed","time":{"start":1730510663917,"stop":1730510997038,"duration":333121}},{"uid":"4a935456dceae8b4","reportUrl":"../1379//#testresult/4a935456dceae8b4","status":"failed","statusDetails":"AssertionError: assert 'mysql-database' in ['information_schema', 'mysql', 'performance_schema', 'sys']","time":{"start":1730424298249,"stop":1730424696241,"duration":397992}},{"uid":"5593ec0a3362118e","reportUrl":"../1377//#testresult/5593ec0a3362118e","status":"passed","time":{"start":1730337871672,"stop":1730338319809,"duration":448137}},{"uid":"5292bfb42068192a","reportUrl":"../1375//#testresult/5292bfb42068192a","status":"failed","statusDetails":"AssertionError: assert 'mysql-database' in ['information_schema', 'mysql', 'performance_schema', 'sys']","time":{"start":1730251469653,"stop":1730252018803,"duration":549150}},{"uid":"a6f38f021e650020","reportUrl":"../1373//#testresult/a6f38f021e650020","status":"failed","statusDetails":"AssertionError: assert 'mysql-database' in ['information_schema', 'mysql', 'performance_schema', 'sys']","time":{"start":1730165098113,"stop":1730165517552,"duration":419439}},{"uid":"8ba7159f4ba7b986","reportUrl":"../1371//#testresult/8ba7159f4ba7b986","status":"passed","time":{"start":1730078679997,"stop":1730079115171,"duration":435174}},{"uid":"e38bec5f86a84502","reportUrl":"../1369//#testresult/e38bec5f86a84502","status":"passed","time":{"start":1729992278573,"stop":1729992583426,"duration":304853}},{"uid":"796dec99e06f42a2","reportUrl":"../1367//#testresult/796dec99e06f42a2","status":"failed","statusDetails":"AssertionError: assert 'mysql-database' in ['information_schema', 'mysql', 'performance_schema', 'sys']","time":{"start":1729905865986,"stop":1729906203351,"duration":337365}},{"uid":"39d43f9022399151","reportUrl":"../1364//#testresult/39d43f9022399151","status":"passed","time":{"start":1729819678120,"stop":1729819946539,"duration":268419}},{"uid":"6a7868f55ebfc6e6","reportUrl":"../1362//#testresult/6a7868f55ebfc6e6","status":"passed","time":{"start":1729733067918,"stop":1729733432349,"duration":364431}}]},"tags":["asyncio","abort_on_fail","group(1)"]},"source":"1411ed81e5677273.json","parameterValues":[]}