{"uid":"63bc3d8efb56c43e","name":"test_terraform","fullName":"tests.integration.test_terraform#test_terraform","historyId":"9e1728213754014c3984cc4074abd63a","time":{"start":1768872447098,"stop":1768872496067,"duration":48969},"description":"Deploy terraform module with app.","descriptionHtml":"<p>Deploy terraform module with app.</p>\n","status":"broken","statusMessage":"websockets.exceptions.ConnectionClosedError: no close frame received or sent","statusTrace":"Traceback (most recent call last):\n  File \"/home/runner/work/mysql-k8s-bundle/mysql-k8s-bundle/.tox/integration/lib/python3.12/site-packages/_pytest/runner.py\", line 341, in from_call\n    result: TResult | None = func()\n                             ^^^^^^\n  File \"/home/runner/work/mysql-k8s-bundle/mysql-k8s-bundle/.tox/integration/lib/python3.12/site-packages/_pytest/runner.py\", line 242, in <lambda>\n    lambda: runtest_hook(item=item, **kwds), when=when, reraise=reraise\n            ^^^^^^^^^^^^^^^^^^^^^^^^^^^^^^^\n  File \"/home/runner/work/mysql-k8s-bundle/mysql-k8s-bundle/.tox/integration/lib/python3.12/site-packages/pluggy/_hooks.py\", line 513, in __call__\n    return self._hookexec(self.name, self._hookimpls.copy(), kwargs, firstresult)\n           ^^^^^^^^^^^^^^^^^^^^^^^^^^^^^^^^^^^^^^^^^^^^^^^^^^^^^^^^^^^^^^^^^^^^^^\n  File \"/home/runner/work/mysql-k8s-bundle/mysql-k8s-bundle/.tox/integration/lib/python3.12/site-packages/pluggy/_manager.py\", line 120, in _hookexec\n    return self._inner_hookexec(hook_name, methods, kwargs, firstresult)\n           ^^^^^^^^^^^^^^^^^^^^^^^^^^^^^^^^^^^^^^^^^^^^^^^^^^^^^^^^^^^^^\n  File \"/home/runner/work/mysql-k8s-bundle/mysql-k8s-bundle/.tox/integration/lib/python3.12/site-packages/pluggy/_callers.py\", line 182, in _multicall\n    return outcome.get_result()\n           ^^^^^^^^^^^^^^^^^^^^\n  File \"/home/runner/work/mysql-k8s-bundle/mysql-k8s-bundle/.tox/integration/lib/python3.12/site-packages/pluggy/_result.py\", line 100, in get_result\n    raise exc.with_traceback(exc.__traceback__)\n  File \"/home/runner/work/mysql-k8s-bundle/mysql-k8s-bundle/.tox/integration/lib/python3.12/site-packages/pluggy/_callers.py\", line 167, in _multicall\n    teardown.throw(outcome._exception)\n  File \"/home/runner/work/mysql-k8s-bundle/mysql-k8s-bundle/.tox/integration/lib/python3.12/site-packages/_pytest/threadexception.py\", line 92, in pytest_runtest_call\n    yield from thread_exception_runtest_hook()\n  File \"/home/runner/work/mysql-k8s-bundle/mysql-k8s-bundle/.tox/integration/lib/python3.12/site-packages/_pytest/threadexception.py\", line 68, in thread_exception_runtest_hook\n    yield\n  File \"/home/runner/work/mysql-k8s-bundle/mysql-k8s-bundle/.tox/integration/lib/python3.12/site-packages/pluggy/_callers.py\", line 167, in _multicall\n    teardown.throw(outcome._exception)\n  File \"/home/runner/work/mysql-k8s-bundle/mysql-k8s-bundle/.tox/integration/lib/python3.12/site-packages/_pytest/unraisableexception.py\", line 95, in pytest_runtest_call\n    yield from unraisable_exception_runtest_hook()\n  File \"/home/runner/work/mysql-k8s-bundle/mysql-k8s-bundle/.tox/integration/lib/python3.12/site-packages/_pytest/unraisableexception.py\", line 70, in unraisable_exception_runtest_hook\n    yield\n  File \"/home/runner/work/mysql-k8s-bundle/mysql-k8s-bundle/.tox/integration/lib/python3.12/site-packages/pluggy/_callers.py\", line 167, in _multicall\n    teardown.throw(outcome._exception)\n  File \"/home/runner/work/mysql-k8s-bundle/mysql-k8s-bundle/.tox/integration/lib/python3.12/site-packages/_pytest/logging.py\", line 846, in pytest_runtest_call\n    yield from self._runtest_for(item, \"call\")\n  File \"/home/runner/work/mysql-k8s-bundle/mysql-k8s-bundle/.tox/integration/lib/python3.12/site-packages/_pytest/logging.py\", line 829, in _runtest_for\n    yield\n  File \"/home/runner/work/mysql-k8s-bundle/mysql-k8s-bundle/.tox/integration/lib/python3.12/site-packages/pluggy/_callers.py\", line 167, in _multicall\n    teardown.throw(outcome._exception)\n  File \"/home/runner/work/mysql-k8s-bundle/mysql-k8s-bundle/.tox/integration/lib/python3.12/site-packages/_pytest/capture.py\", line 880, in pytest_runtest_call\n    return (yield)\n            ^^^^^\n  File \"/home/runner/work/mysql-k8s-bundle/mysql-k8s-bundle/.tox/integration/lib/python3.12/site-packages/pluggy/_callers.py\", line 167, in _multicall\n    teardown.throw(outcome._exception)\n  File \"/home/runner/work/mysql-k8s-bundle/mysql-k8s-bundle/.tox/integration/lib/python3.12/site-packages/_pytest/skipping.py\", line 257, in pytest_runtest_call\n    return (yield)\n            ^^^^^\n  File \"/home/runner/work/mysql-k8s-bundle/mysql-k8s-bundle/.tox/integration/lib/python3.12/site-packages/pluggy/_callers.py\", line 103, in _multicall\n    res = hook_impl.function(*args)\n          ^^^^^^^^^^^^^^^^^^^^^^^^^\n  File \"/home/runner/work/mysql-k8s-bundle/mysql-k8s-bundle/.tox/integration/lib/python3.12/site-packages/_pytest/runner.py\", line 174, in pytest_runtest_call\n    item.runtest()\n  File \"/home/runner/work/mysql-k8s-bundle/mysql-k8s-bundle/.tox/integration/lib/python3.12/site-packages/_pytest/python.py\", line 1627, in runtest\n    self.ihook.pytest_pyfunc_call(pyfuncitem=self)\n  File \"/home/runner/work/mysql-k8s-bundle/mysql-k8s-bundle/.tox/integration/lib/python3.12/site-packages/pluggy/_hooks.py\", line 513, in __call__\n    return self._hookexec(self.name, self._hookimpls.copy(), kwargs, firstresult)\n           ^^^^^^^^^^^^^^^^^^^^^^^^^^^^^^^^^^^^^^^^^^^^^^^^^^^^^^^^^^^^^^^^^^^^^^\n  File \"/home/runner/work/mysql-k8s-bundle/mysql-k8s-bundle/.tox/integration/lib/python3.12/site-packages/pluggy/_manager.py\", line 120, in _hookexec\n    return self._inner_hookexec(hook_name, methods, kwargs, firstresult)\n           ^^^^^^^^^^^^^^^^^^^^^^^^^^^^^^^^^^^^^^^^^^^^^^^^^^^^^^^^^^^^^\n  File \"/home/runner/work/mysql-k8s-bundle/mysql-k8s-bundle/.tox/integration/lib/python3.12/site-packages/pluggy/_callers.py\", line 182, in _multicall\n    return outcome.get_result()\n           ^^^^^^^^^^^^^^^^^^^^\n  File \"/home/runner/work/mysql-k8s-bundle/mysql-k8s-bundle/.tox/integration/lib/python3.12/site-packages/pluggy/_result.py\", line 100, in get_result\n    raise exc.with_traceback(exc.__traceback__)\n  File \"/home/runner/work/mysql-k8s-bundle/mysql-k8s-bundle/.tox/integration/lib/python3.12/site-packages/pluggy/_callers.py\", line 103, in _multicall\n    res = hook_impl.function(*args)\n          ^^^^^^^^^^^^^^^^^^^^^^^^^\n  File \"/home/runner/work/mysql-k8s-bundle/mysql-k8s-bundle/.tox/integration/lib/python3.12/site-packages/_pytest/python.py\", line 159, in pytest_pyfunc_call\n    result = testfunction(**testargs)\n             ^^^^^^^^^^^^^^^^^^^^^^^^\n  File \"/home/runner/work/mysql-k8s-bundle/mysql-k8s-bundle/.tox/integration/lib/python3.12/site-packages/pytest_asyncio/plugin.py\", line 529, in inner\n    _loop.run_until_complete(task)\n  File \"/usr/lib/python3.12/asyncio/base_events.py\", line 687, in run_until_complete\n    return future.result()\n           ^^^^^^^^^^^^^^^\n  File \"/home/runner/work/mysql-k8s-bundle/mysql-k8s-bundle/tests/integration/test_terraform.py\", line 87, in test_terraform\n    await ops_test.model.block_until(\n  File \"/home/runner/work/mysql-k8s-bundle/mysql-k8s-bundle/.tox/integration/lib/python3.12/site-packages/juju/model/__init__.py\", line 1172, in block_until\n    raise websockets.ConnectionClosedError(rcvd=None, sent=None)\nwebsockets.exceptions.ConnectionClosedError: no close frame received or sent","flaky":false,"newFailed":false,"newBroken":true,"newPassed":false,"retriesCount":1,"retriesStatusChange":true,"beforeStages":[{"name":"event_loop","time":{"start":1768872396263,"stop":1768872396264,"duration":1},"status":"passed","steps":[],"attachments":[],"parameters":[],"shouldDisplayMessage":false,"stepsCount":0,"attachmentsCount":0,"hasContent":false,"attachmentStep":false},{"name":"tmp_path_factory","time":{"start":1768872396264,"stop":1768872396264,"duration":0},"status":"passed","steps":[],"attachments":[],"parameters":[],"shouldDisplayMessage":false,"stepsCount":0,"attachmentsCount":0,"hasContent":false,"attachmentStep":false},{"name":"ops_test","time":{"start":1768872396264,"stop":1768872396517,"duration":253},"status":"passed","steps":[],"attachments":[],"parameters":[],"shouldDisplayMessage":false,"stepsCount":0,"attachmentsCount":0,"hasContent":false,"attachmentStep":false},{"name":"abort_on_fail","time":{"start":1768872447098,"stop":1768872447098,"duration":0},"status":"passed","steps":[],"attachments":[],"parameters":[],"shouldDisplayMessage":false,"stepsCount":0,"attachmentsCount":0,"hasContent":false,"attachmentStep":false}],"testStage":{"description":"Deploy terraform module with app.","status":"broken","statusMessage":"websockets.exceptions.ConnectionClosedError: no close frame received or sent","statusTrace":"Traceback (most recent call last):\n  File \"/home/runner/work/mysql-k8s-bundle/mysql-k8s-bundle/.tox/integration/lib/python3.12/site-packages/_pytest/runner.py\", line 341, in from_call\n    result: TResult | None = func()\n                             ^^^^^^\n  File \"/home/runner/work/mysql-k8s-bundle/mysql-k8s-bundle/.tox/integration/lib/python3.12/site-packages/_pytest/runner.py\", line 242, in <lambda>\n    lambda: runtest_hook(item=item, **kwds), when=when, reraise=reraise\n            ^^^^^^^^^^^^^^^^^^^^^^^^^^^^^^^\n  File \"/home/runner/work/mysql-k8s-bundle/mysql-k8s-bundle/.tox/integration/lib/python3.12/site-packages/pluggy/_hooks.py\", line 513, in __call__\n    return self._hookexec(self.name, self._hookimpls.copy(), kwargs, firstresult)\n           ^^^^^^^^^^^^^^^^^^^^^^^^^^^^^^^^^^^^^^^^^^^^^^^^^^^^^^^^^^^^^^^^^^^^^^\n  File \"/home/runner/work/mysql-k8s-bundle/mysql-k8s-bundle/.tox/integration/lib/python3.12/site-packages/pluggy/_manager.py\", line 120, in _hookexec\n    return self._inner_hookexec(hook_name, methods, kwargs, firstresult)\n           ^^^^^^^^^^^^^^^^^^^^^^^^^^^^^^^^^^^^^^^^^^^^^^^^^^^^^^^^^^^^^\n  File \"/home/runner/work/mysql-k8s-bundle/mysql-k8s-bundle/.tox/integration/lib/python3.12/site-packages/pluggy/_callers.py\", line 182, in _multicall\n    return outcome.get_result()\n           ^^^^^^^^^^^^^^^^^^^^\n  File \"/home/runner/work/mysql-k8s-bundle/mysql-k8s-bundle/.tox/integration/lib/python3.12/site-packages/pluggy/_result.py\", line 100, in get_result\n    raise exc.with_traceback(exc.__traceback__)\n  File \"/home/runner/work/mysql-k8s-bundle/mysql-k8s-bundle/.tox/integration/lib/python3.12/site-packages/pluggy/_callers.py\", line 167, in _multicall\n    teardown.throw(outcome._exception)\n  File \"/home/runner/work/mysql-k8s-bundle/mysql-k8s-bundle/.tox/integration/lib/python3.12/site-packages/_pytest/threadexception.py\", line 92, in pytest_runtest_call\n    yield from thread_exception_runtest_hook()\n  File \"/home/runner/work/mysql-k8s-bundle/mysql-k8s-bundle/.tox/integration/lib/python3.12/site-packages/_pytest/threadexception.py\", line 68, in thread_exception_runtest_hook\n    yield\n  File \"/home/runner/work/mysql-k8s-bundle/mysql-k8s-bundle/.tox/integration/lib/python3.12/site-packages/pluggy/_callers.py\", line 167, in _multicall\n    teardown.throw(outcome._exception)\n  File \"/home/runner/work/mysql-k8s-bundle/mysql-k8s-bundle/.tox/integration/lib/python3.12/site-packages/_pytest/unraisableexception.py\", line 95, in pytest_runtest_call\n    yield from unraisable_exception_runtest_hook()\n  File \"/home/runner/work/mysql-k8s-bundle/mysql-k8s-bundle/.tox/integration/lib/python3.12/site-packages/_pytest/unraisableexception.py\", line 70, in unraisable_exception_runtest_hook\n    yield\n  File \"/home/runner/work/mysql-k8s-bundle/mysql-k8s-bundle/.tox/integration/lib/python3.12/site-packages/pluggy/_callers.py\", line 167, in _multicall\n    teardown.throw(outcome._exception)\n  File \"/home/runner/work/mysql-k8s-bundle/mysql-k8s-bundle/.tox/integration/lib/python3.12/site-packages/_pytest/logging.py\", line 846, in pytest_runtest_call\n    yield from self._runtest_for(item, \"call\")\n  File \"/home/runner/work/mysql-k8s-bundle/mysql-k8s-bundle/.tox/integration/lib/python3.12/site-packages/_pytest/logging.py\", line 829, in _runtest_for\n    yield\n  File \"/home/runner/work/mysql-k8s-bundle/mysql-k8s-bundle/.tox/integration/lib/python3.12/site-packages/pluggy/_callers.py\", line 167, in _multicall\n    teardown.throw(outcome._exception)\n  File \"/home/runner/work/mysql-k8s-bundle/mysql-k8s-bundle/.tox/integration/lib/python3.12/site-packages/_pytest/capture.py\", line 880, in pytest_runtest_call\n    return (yield)\n            ^^^^^\n  File \"/home/runner/work/mysql-k8s-bundle/mysql-k8s-bundle/.tox/integration/lib/python3.12/site-packages/pluggy/_callers.py\", line 167, in _multicall\n    teardown.throw(outcome._exception)\n  File \"/home/runner/work/mysql-k8s-bundle/mysql-k8s-bundle/.tox/integration/lib/python3.12/site-packages/_pytest/skipping.py\", line 257, in pytest_runtest_call\n    return (yield)\n            ^^^^^\n  File \"/home/runner/work/mysql-k8s-bundle/mysql-k8s-bundle/.tox/integration/lib/python3.12/site-packages/pluggy/_callers.py\", line 103, in _multicall\n    res = hook_impl.function(*args)\n          ^^^^^^^^^^^^^^^^^^^^^^^^^\n  File \"/home/runner/work/mysql-k8s-bundle/mysql-k8s-bundle/.tox/integration/lib/python3.12/site-packages/_pytest/runner.py\", line 174, in pytest_runtest_call\n    item.runtest()\n  File \"/home/runner/work/mysql-k8s-bundle/mysql-k8s-bundle/.tox/integration/lib/python3.12/site-packages/_pytest/python.py\", line 1627, in runtest\n    self.ihook.pytest_pyfunc_call(pyfuncitem=self)\n  File \"/home/runner/work/mysql-k8s-bundle/mysql-k8s-bundle/.tox/integration/lib/python3.12/site-packages/pluggy/_hooks.py\", line 513, in __call__\n    return self._hookexec(self.name, self._hookimpls.copy(), kwargs, firstresult)\n           ^^^^^^^^^^^^^^^^^^^^^^^^^^^^^^^^^^^^^^^^^^^^^^^^^^^^^^^^^^^^^^^^^^^^^^\n  File \"/home/runner/work/mysql-k8s-bundle/mysql-k8s-bundle/.tox/integration/lib/python3.12/site-packages/pluggy/_manager.py\", line 120, in _hookexec\n    return self._inner_hookexec(hook_name, methods, kwargs, firstresult)\n           ^^^^^^^^^^^^^^^^^^^^^^^^^^^^^^^^^^^^^^^^^^^^^^^^^^^^^^^^^^^^^\n  File \"/home/runner/work/mysql-k8s-bundle/mysql-k8s-bundle/.tox/integration/lib/python3.12/site-packages/pluggy/_callers.py\", line 182, in _multicall\n    return outcome.get_result()\n           ^^^^^^^^^^^^^^^^^^^^\n  File \"/home/runner/work/mysql-k8s-bundle/mysql-k8s-bundle/.tox/integration/lib/python3.12/site-packages/pluggy/_result.py\", line 100, in get_result\n    raise exc.with_traceback(exc.__traceback__)\n  File \"/home/runner/work/mysql-k8s-bundle/mysql-k8s-bundle/.tox/integration/lib/python3.12/site-packages/pluggy/_callers.py\", line 103, in _multicall\n    res = hook_impl.function(*args)\n          ^^^^^^^^^^^^^^^^^^^^^^^^^\n  File \"/home/runner/work/mysql-k8s-bundle/mysql-k8s-bundle/.tox/integration/lib/python3.12/site-packages/_pytest/python.py\", line 159, in pytest_pyfunc_call\n    result = testfunction(**testargs)\n             ^^^^^^^^^^^^^^^^^^^^^^^^\n  File \"/home/runner/work/mysql-k8s-bundle/mysql-k8s-bundle/.tox/integration/lib/python3.12/site-packages/pytest_asyncio/plugin.py\", line 529, in inner\n    _loop.run_until_complete(task)\n  File \"/usr/lib/python3.12/asyncio/base_events.py\", line 687, in run_until_complete\n    return future.result()\n           ^^^^^^^^^^^^^^^\n  File \"/home/runner/work/mysql-k8s-bundle/mysql-k8s-bundle/tests/integration/test_terraform.py\", line 87, in test_terraform\n    await ops_test.model.block_until(\n  File \"/home/runner/work/mysql-k8s-bundle/mysql-k8s-bundle/.tox/integration/lib/python3.12/site-packages/juju/model/__init__.py\", line 1172, in block_until\n    raise websockets.ConnectionClosedError(rcvd=None, sent=None)\nwebsockets.exceptions.ConnectionClosedError: no close frame received or sent","steps":[],"attachments":[{"uid":"34c6777954b0716c","name":"log","source":"34c6777954b0716c.txt","type":"text/plain","size":5584}],"parameters":[],"shouldDisplayMessage":true,"stepsCount":0,"attachmentsCount":1,"hasContent":true,"attachmentStep":false},"afterStages":[{"name":"abort_on_fail::0","time":{"start":1768872496099,"stop":1768872496099,"duration":0},"status":"passed","steps":[],"attachments":[],"parameters":[],"shouldDisplayMessage":false,"stepsCount":0,"attachmentsCount":0,"hasContent":false,"attachmentStep":false},{"name":"ops_test::finalizer","time":{"start":1768872496099,"stop":1768872497568,"duration":1469},"status":"passed","steps":[],"attachments":[],"parameters":[],"shouldDisplayMessage":false,"stepsCount":0,"attachmentsCount":0,"hasContent":false,"attachmentStep":false},{"name":"event_loop::2","time":{"start":1768872497574,"stop":1768872497574,"duration":0},"status":"passed","steps":[],"attachments":[],"parameters":[],"shouldDisplayMessage":false,"stepsCount":0,"attachmentsCount":0,"hasContent":false,"attachmentStep":false},{"name":"event_loop::_close_event_loop","time":{"start":1768872497574,"stop":1768872497574,"duration":0},"status":"passed","steps":[],"attachments":[],"parameters":[],"shouldDisplayMessage":false,"stepsCount":0,"attachmentsCount":0,"hasContent":false,"attachmentStep":false},{"name":"event_loop::_provide_clean_event_loop","time":{"start":1768872497574,"stop":1768872497574,"duration":0},"status":"passed","steps":[],"attachments":[],"parameters":[],"shouldDisplayMessage":false,"stepsCount":0,"attachmentsCount":0,"hasContent":false,"attachmentStep":false}],"labels":[{"name":"tag","value":"group(1)"},{"name":"tag","value":"abort_on_fail"},{"name":"tag","value":"asyncio"},{"name":"parentSuite","value":"tests.integration"},{"name":"suite","value":"test_terraform"},{"name":"host","value":"runnervmmtnos"},{"name":"thread","value":"16852-MainThread"},{"name":"framework","value":"pytest"},{"name":"language","value":"cpython3"},{"name":"package","value":"tests.integration.test_terraform"},{"name":"resultFormat","value":"allure2"}],"parameters":[],"links":[],"hidden":false,"retry":false,"extra":{"severity":"normal","retries":[{"uid":"46088856d35140ca","status":"unknown","time":{}}],"categories":[{"name":"Test defects","matchedStatuses":[]}],"history":{"statistic":{"failed":0,"broken":2,"skipped":0,"passed":83,"unknown":10,"total":95},"items":[{"uid":"b8321288148ca594","reportUrl":"../2314//#testresult/b8321288148ca594","status":"passed","time":{"start":1768786028537,"stop":1768786170991,"duration":142454}},{"uid":"725e8d49b75f735a","reportUrl":"../2312//#testresult/725e8d49b75f735a","status":"passed","time":{"start":1768699617879,"stop":1768699733276,"duration":115397}},{"uid":"62641170e7451014","reportUrl":"../2310//#testresult/62641170e7451014","status":"passed","time":{"start":1768613174094,"stop":1768613297878,"duration":123784}},{"uid":"3c9094ba5786f619","reportUrl":"../2308//#testresult/3c9094ba5786f619","status":"passed","time":{"start":1768526789433,"stop":1768526906296,"duration":116863}},{"uid":"b5a2bf0c3d9bb7b8","reportUrl":"../2306//#testresult/b5a2bf0c3d9bb7b8","status":"passed","time":{"start":1768440408374,"stop":1768440540757,"duration":132383}},{"uid":"eb1a648cd095bc20","reportUrl":"../2304//#testresult/eb1a648cd095bc20","status":"passed","time":{"start":1768354033510,"stop":1768354165570,"duration":132060}},{"uid":"ee490068f3c934e7","reportUrl":"../2301//#testresult/ee490068f3c934e7","status":"passed","time":{"start":1768267608659,"stop":1768267742513,"duration":133854}},{"uid":"cb5d0423421376f0","reportUrl":"../2299//#testresult/cb5d0423421376f0","status":"passed","time":{"start":1768181211612,"stop":1768181356443,"duration":144831}},{"uid":"c95896e6533799b","reportUrl":"../2297//#testresult/c95896e6533799b","status":"passed","time":{"start":1768094824808,"stop":1768094951389,"duration":126581}},{"uid":"4d4f6ee8db299168","reportUrl":"../2295//#testresult/4d4f6ee8db299168","status":"passed","time":{"start":1768008383905,"stop":1768008507606,"duration":123701}},{"uid":"c75bd721ae17fecb","reportUrl":"../2293//#testresult/c75bd721ae17fecb","status":"passed","time":{"start":1767922004917,"stop":1767922118410,"duration":113493}},{"uid":"301cb52a4d03aea8","reportUrl":"../2291//#testresult/301cb52a4d03aea8","status":"passed","time":{"start":1767835627582,"stop":1767835749061,"duration":121479}},{"uid":"812e6eb499d73200","reportUrl":"../2289//#testresult/812e6eb499d73200","status":"passed","time":{"start":1767749188286,"stop":1767749316098,"duration":127812}},{"uid":"5e5f1e25265ae002","reportUrl":"../2286//#testresult/5e5f1e25265ae002","status":"passed","time":{"start":1767662816010,"stop":1767662927083,"duration":111073}},{"uid":"8965d324cd5e5a36","reportUrl":"../2284//#testresult/8965d324cd5e5a36","status":"passed","time":{"start":1767576413291,"stop":1767576533434,"duration":120143}},{"uid":"ec546d82153bd4a3","reportUrl":"../2282//#testresult/ec546d82153bd4a3","status":"passed","time":{"start":1767489996413,"stop":1767490124059,"duration":127646}},{"uid":"7a083b96aa82d568","reportUrl":"../2280//#testresult/7a083b96aa82d568","status":"passed","time":{"start":1767403571890,"stop":1767403703199,"duration":131309}},{"uid":"89903ee12c888688","reportUrl":"../2278//#testresult/89903ee12c888688","status":"passed","time":{"start":1767317181987,"stop":1767317310868,"duration":128881}},{"uid":"1e44afd89476a6e7","reportUrl":"../2276//#testresult/1e44afd89476a6e7","status":"passed","time":{"start":1767230834673,"stop":1767230969526,"duration":134853}},{"uid":"63747e355f3bf156","reportUrl":"../2274//#testresult/63747e355f3bf156","status":"passed","time":{"start":1767144373233,"stop":1767144489629,"duration":116396}}]},"tags":["asyncio","abort_on_fail","group(1)"]},"source":"63bc3d8efb56c43e.json","parameterValues":[]}