{"uid":"5705ccf93b2d191b","name":"test_smoke","fullName":"tests.integration.test_smoke#test_smoke","historyId":"78ffebf457376473b3476ee0f7a454c9","time":{"start":1729560287530,"stop":1729560535769,"duration":248239},"description":"Deploy bundle with apps and test various component integrations.","descriptionHtml":"<p>Deploy bundle with apps and test various component integrations.</p>\n","status":"failed","statusMessage":"AssertionError: assert 'mysql-database' in ['information_schema', 'mysql', 'performance_schema', 'sys']","statusTrace":"Traceback (most recent call last):\n  File \"/home/runner/work/mysql-k8s-bundle/mysql-k8s-bundle/.tox/integration/lib/python3.10/site-packages/_pytest/runner.py\", line 341, in from_call\n    result: TResult | None = func()\n  File \"/home/runner/work/mysql-k8s-bundle/mysql-k8s-bundle/.tox/integration/lib/python3.10/site-packages/_pytest/runner.py\", line 242, in <lambda>\n    lambda: runtest_hook(item=item, **kwds), when=when, reraise=reraise\n  File \"/home/runner/work/mysql-k8s-bundle/mysql-k8s-bundle/.tox/integration/lib/python3.10/site-packages/pluggy/_hooks.py\", line 513, in __call__\n    return self._hookexec(self.name, self._hookimpls.copy(), kwargs, firstresult)\n  File \"/home/runner/work/mysql-k8s-bundle/mysql-k8s-bundle/.tox/integration/lib/python3.10/site-packages/pluggy/_manager.py\", line 120, in _hookexec\n    return self._inner_hookexec(hook_name, methods, kwargs, firstresult)\n  File \"/home/runner/work/mysql-k8s-bundle/mysql-k8s-bundle/.tox/integration/lib/python3.10/site-packages/pluggy/_callers.py\", line 182, in _multicall\n    return outcome.get_result()\n  File \"/home/runner/work/mysql-k8s-bundle/mysql-k8s-bundle/.tox/integration/lib/python3.10/site-packages/pluggy/_result.py\", line 100, in get_result\n    raise exc.with_traceback(exc.__traceback__)\n  File \"/home/runner/work/mysql-k8s-bundle/mysql-k8s-bundle/.tox/integration/lib/python3.10/site-packages/pluggy/_callers.py\", line 167, in _multicall\n    teardown.throw(outcome._exception)\n  File \"/home/runner/work/mysql-k8s-bundle/mysql-k8s-bundle/.tox/integration/lib/python3.10/site-packages/_pytest/threadexception.py\", line 92, in pytest_runtest_call\n    yield from thread_exception_runtest_hook()\n  File \"/home/runner/work/mysql-k8s-bundle/mysql-k8s-bundle/.tox/integration/lib/python3.10/site-packages/_pytest/threadexception.py\", line 68, in thread_exception_runtest_hook\n    yield\n  File \"/home/runner/work/mysql-k8s-bundle/mysql-k8s-bundle/.tox/integration/lib/python3.10/site-packages/pluggy/_callers.py\", line 167, in _multicall\n    teardown.throw(outcome._exception)\n  File \"/home/runner/work/mysql-k8s-bundle/mysql-k8s-bundle/.tox/integration/lib/python3.10/site-packages/_pytest/unraisableexception.py\", line 95, in pytest_runtest_call\n    yield from unraisable_exception_runtest_hook()\n  File \"/home/runner/work/mysql-k8s-bundle/mysql-k8s-bundle/.tox/integration/lib/python3.10/site-packages/_pytest/unraisableexception.py\", line 70, in unraisable_exception_runtest_hook\n    yield\n  File \"/home/runner/work/mysql-k8s-bundle/mysql-k8s-bundle/.tox/integration/lib/python3.10/site-packages/pluggy/_callers.py\", line 167, in _multicall\n    teardown.throw(outcome._exception)\n  File \"/home/runner/work/mysql-k8s-bundle/mysql-k8s-bundle/.tox/integration/lib/python3.10/site-packages/_pytest/logging.py\", line 846, in pytest_runtest_call\n    yield from self._runtest_for(item, \"call\")\n  File \"/home/runner/work/mysql-k8s-bundle/mysql-k8s-bundle/.tox/integration/lib/python3.10/site-packages/_pytest/logging.py\", line 829, in _runtest_for\n    yield\n  File \"/home/runner/work/mysql-k8s-bundle/mysql-k8s-bundle/.tox/integration/lib/python3.10/site-packages/pluggy/_callers.py\", line 167, in _multicall\n    teardown.throw(outcome._exception)\n  File \"/home/runner/work/mysql-k8s-bundle/mysql-k8s-bundle/.tox/integration/lib/python3.10/site-packages/_pytest/capture.py\", line 880, in pytest_runtest_call\n    return (yield)\n  File \"/home/runner/work/mysql-k8s-bundle/mysql-k8s-bundle/.tox/integration/lib/python3.10/site-packages/pluggy/_callers.py\", line 167, in _multicall\n    teardown.throw(outcome._exception)\n  File \"/home/runner/work/mysql-k8s-bundle/mysql-k8s-bundle/.tox/integration/lib/python3.10/site-packages/_pytest/skipping.py\", line 257, in pytest_runtest_call\n    return (yield)\n  File \"/home/runner/work/mysql-k8s-bundle/mysql-k8s-bundle/.tox/integration/lib/python3.10/site-packages/pluggy/_callers.py\", line 103, in _multicall\n    res = hook_impl.function(*args)\n  File \"/home/runner/work/mysql-k8s-bundle/mysql-k8s-bundle/.tox/integration/lib/python3.10/site-packages/_pytest/runner.py\", line 174, in pytest_runtest_call\n    item.runtest()\n  File \"/home/runner/work/mysql-k8s-bundle/mysql-k8s-bundle/.tox/integration/lib/python3.10/site-packages/_pytest/python.py\", line 1627, in runtest\n    self.ihook.pytest_pyfunc_call(pyfuncitem=self)\n  File \"/home/runner/work/mysql-k8s-bundle/mysql-k8s-bundle/.tox/integration/lib/python3.10/site-packages/pluggy/_hooks.py\", line 513, in __call__\n    return self._hookexec(self.name, self._hookimpls.copy(), kwargs, firstresult)\n  File \"/home/runner/work/mysql-k8s-bundle/mysql-k8s-bundle/.tox/integration/lib/python3.10/site-packages/pluggy/_manager.py\", line 120, in _hookexec\n    return self._inner_hookexec(hook_name, methods, kwargs, firstresult)\n  File \"/home/runner/work/mysql-k8s-bundle/mysql-k8s-bundle/.tox/integration/lib/python3.10/site-packages/pluggy/_callers.py\", line 182, in _multicall\n    return outcome.get_result()\n  File \"/home/runner/work/mysql-k8s-bundle/mysql-k8s-bundle/.tox/integration/lib/python3.10/site-packages/pluggy/_result.py\", line 100, in get_result\n    raise exc.with_traceback(exc.__traceback__)\n  File \"/home/runner/work/mysql-k8s-bundle/mysql-k8s-bundle/.tox/integration/lib/python3.10/site-packages/pluggy/_callers.py\", line 103, in _multicall\n    res = hook_impl.function(*args)\n  File \"/home/runner/work/mysql-k8s-bundle/mysql-k8s-bundle/.tox/integration/lib/python3.10/site-packages/_pytest/python.py\", line 159, in pytest_pyfunc_call\n    result = testfunction(**testargs)\n  File \"/home/runner/work/mysql-k8s-bundle/mysql-k8s-bundle/.tox/integration/lib/python3.10/site-packages/pytest_asyncio/plugin.py\", line 529, in inner\n    _loop.run_until_complete(task)\n  File \"/usr/lib/python3.10/asyncio/base_events.py\", line 649, in run_until_complete\n    return future.result()\n  File \"/home/runner/work/mysql-k8s-bundle/mysql-k8s-bundle/tests/integration/test_smoke.py\", line 108, in test_smoke\n    assert \"mysql-database\" in databases\nAssertionError: assert 'mysql-database' in ['information_schema', 'mysql', 'performance_schema', 'sys']","flaky":false,"newFailed":true,"newBroken":false,"newPassed":false,"retriesCount":1,"retriesStatusChange":true,"beforeStages":[{"name":"ops_test","time":{"start":1729560287261,"stop":1729560287529,"duration":268},"status":"passed","steps":[],"attachments":[],"parameters":[],"stepsCount":0,"shouldDisplayMessage":false,"attachmentsCount":0,"hasContent":false,"attachmentStep":false},{"name":"tmp_path_factory","time":{"start":1729560287261,"stop":1729560287261,"duration":0},"status":"passed","steps":[],"attachments":[],"parameters":[],"stepsCount":0,"shouldDisplayMessage":false,"attachmentsCount":0,"hasContent":false,"attachmentStep":false},{"name":"event_loop","time":{"start":1729560287261,"stop":1729560287261,"duration":0},"status":"passed","steps":[],"attachments":[],"parameters":[],"stepsCount":0,"shouldDisplayMessage":false,"attachmentsCount":0,"hasContent":false,"attachmentStep":false},{"name":"abort_on_fail","time":{"start":1729560287530,"stop":1729560287530,"duration":0},"status":"passed","steps":[],"attachments":[],"parameters":[],"stepsCount":0,"shouldDisplayMessage":false,"attachmentsCount":0,"hasContent":false,"attachmentStep":false}],"testStage":{"description":"Deploy bundle with apps and test various component integrations.","status":"failed","statusMessage":"AssertionError: assert 'mysql-database' in ['information_schema', 'mysql', 'performance_schema', 'sys']","statusTrace":"Traceback (most recent call last):\n  File \"/home/runner/work/mysql-k8s-bundle/mysql-k8s-bundle/.tox/integration/lib/python3.10/site-packages/_pytest/runner.py\", line 341, in from_call\n    result: TResult | None = func()\n  File \"/home/runner/work/mysql-k8s-bundle/mysql-k8s-bundle/.tox/integration/lib/python3.10/site-packages/_pytest/runner.py\", line 242, in <lambda>\n    lambda: runtest_hook(item=item, **kwds), when=when, reraise=reraise\n  File \"/home/runner/work/mysql-k8s-bundle/mysql-k8s-bundle/.tox/integration/lib/python3.10/site-packages/pluggy/_hooks.py\", line 513, in __call__\n    return self._hookexec(self.name, self._hookimpls.copy(), kwargs, firstresult)\n  File \"/home/runner/work/mysql-k8s-bundle/mysql-k8s-bundle/.tox/integration/lib/python3.10/site-packages/pluggy/_manager.py\", line 120, in _hookexec\n    return self._inner_hookexec(hook_name, methods, kwargs, firstresult)\n  File \"/home/runner/work/mysql-k8s-bundle/mysql-k8s-bundle/.tox/integration/lib/python3.10/site-packages/pluggy/_callers.py\", line 182, in _multicall\n    return outcome.get_result()\n  File \"/home/runner/work/mysql-k8s-bundle/mysql-k8s-bundle/.tox/integration/lib/python3.10/site-packages/pluggy/_result.py\", line 100, in get_result\n    raise exc.with_traceback(exc.__traceback__)\n  File \"/home/runner/work/mysql-k8s-bundle/mysql-k8s-bundle/.tox/integration/lib/python3.10/site-packages/pluggy/_callers.py\", line 167, in _multicall\n    teardown.throw(outcome._exception)\n  File \"/home/runner/work/mysql-k8s-bundle/mysql-k8s-bundle/.tox/integration/lib/python3.10/site-packages/_pytest/threadexception.py\", line 92, in pytest_runtest_call\n    yield from thread_exception_runtest_hook()\n  File \"/home/runner/work/mysql-k8s-bundle/mysql-k8s-bundle/.tox/integration/lib/python3.10/site-packages/_pytest/threadexception.py\", line 68, in thread_exception_runtest_hook\n    yield\n  File \"/home/runner/work/mysql-k8s-bundle/mysql-k8s-bundle/.tox/integration/lib/python3.10/site-packages/pluggy/_callers.py\", line 167, in _multicall\n    teardown.throw(outcome._exception)\n  File \"/home/runner/work/mysql-k8s-bundle/mysql-k8s-bundle/.tox/integration/lib/python3.10/site-packages/_pytest/unraisableexception.py\", line 95, in pytest_runtest_call\n    yield from unraisable_exception_runtest_hook()\n  File \"/home/runner/work/mysql-k8s-bundle/mysql-k8s-bundle/.tox/integration/lib/python3.10/site-packages/_pytest/unraisableexception.py\", line 70, in unraisable_exception_runtest_hook\n    yield\n  File \"/home/runner/work/mysql-k8s-bundle/mysql-k8s-bundle/.tox/integration/lib/python3.10/site-packages/pluggy/_callers.py\", line 167, in _multicall\n    teardown.throw(outcome._exception)\n  File \"/home/runner/work/mysql-k8s-bundle/mysql-k8s-bundle/.tox/integration/lib/python3.10/site-packages/_pytest/logging.py\", line 846, in pytest_runtest_call\n    yield from self._runtest_for(item, \"call\")\n  File \"/home/runner/work/mysql-k8s-bundle/mysql-k8s-bundle/.tox/integration/lib/python3.10/site-packages/_pytest/logging.py\", line 829, in _runtest_for\n    yield\n  File \"/home/runner/work/mysql-k8s-bundle/mysql-k8s-bundle/.tox/integration/lib/python3.10/site-packages/pluggy/_callers.py\", line 167, in _multicall\n    teardown.throw(outcome._exception)\n  File \"/home/runner/work/mysql-k8s-bundle/mysql-k8s-bundle/.tox/integration/lib/python3.10/site-packages/_pytest/capture.py\", line 880, in pytest_runtest_call\n    return (yield)\n  File \"/home/runner/work/mysql-k8s-bundle/mysql-k8s-bundle/.tox/integration/lib/python3.10/site-packages/pluggy/_callers.py\", line 167, in _multicall\n    teardown.throw(outcome._exception)\n  File \"/home/runner/work/mysql-k8s-bundle/mysql-k8s-bundle/.tox/integration/lib/python3.10/site-packages/_pytest/skipping.py\", line 257, in pytest_runtest_call\n    return (yield)\n  File \"/home/runner/work/mysql-k8s-bundle/mysql-k8s-bundle/.tox/integration/lib/python3.10/site-packages/pluggy/_callers.py\", line 103, in _multicall\n    res = hook_impl.function(*args)\n  File \"/home/runner/work/mysql-k8s-bundle/mysql-k8s-bundle/.tox/integration/lib/python3.10/site-packages/_pytest/runner.py\", line 174, in pytest_runtest_call\n    item.runtest()\n  File \"/home/runner/work/mysql-k8s-bundle/mysql-k8s-bundle/.tox/integration/lib/python3.10/site-packages/_pytest/python.py\", line 1627, in runtest\n    self.ihook.pytest_pyfunc_call(pyfuncitem=self)\n  File \"/home/runner/work/mysql-k8s-bundle/mysql-k8s-bundle/.tox/integration/lib/python3.10/site-packages/pluggy/_hooks.py\", line 513, in __call__\n    return self._hookexec(self.name, self._hookimpls.copy(), kwargs, firstresult)\n  File \"/home/runner/work/mysql-k8s-bundle/mysql-k8s-bundle/.tox/integration/lib/python3.10/site-packages/pluggy/_manager.py\", line 120, in _hookexec\n    return self._inner_hookexec(hook_name, methods, kwargs, firstresult)\n  File \"/home/runner/work/mysql-k8s-bundle/mysql-k8s-bundle/.tox/integration/lib/python3.10/site-packages/pluggy/_callers.py\", line 182, in _multicall\n    return outcome.get_result()\n  File \"/home/runner/work/mysql-k8s-bundle/mysql-k8s-bundle/.tox/integration/lib/python3.10/site-packages/pluggy/_result.py\", line 100, in get_result\n    raise exc.with_traceback(exc.__traceback__)\n  File \"/home/runner/work/mysql-k8s-bundle/mysql-k8s-bundle/.tox/integration/lib/python3.10/site-packages/pluggy/_callers.py\", line 103, in _multicall\n    res = hook_impl.function(*args)\n  File \"/home/runner/work/mysql-k8s-bundle/mysql-k8s-bundle/.tox/integration/lib/python3.10/site-packages/_pytest/python.py\", line 159, in pytest_pyfunc_call\n    result = testfunction(**testargs)\n  File \"/home/runner/work/mysql-k8s-bundle/mysql-k8s-bundle/.tox/integration/lib/python3.10/site-packages/pytest_asyncio/plugin.py\", line 529, in inner\n    _loop.run_until_complete(task)\n  File \"/usr/lib/python3.10/asyncio/base_events.py\", line 649, in run_until_complete\n    return future.result()\n  File \"/home/runner/work/mysql-k8s-bundle/mysql-k8s-bundle/tests/integration/test_smoke.py\", line 108, in test_smoke\n    assert \"mysql-database\" in databases\nAssertionError: assert 'mysql-database' in ['information_schema', 'mysql', 'performance_schema', 'sys']","steps":[],"attachments":[{"uid":"847e825b06348507","name":"log","source":"847e825b06348507.txt","type":"text/plain","size":12922}],"parameters":[],"stepsCount":0,"shouldDisplayMessage":true,"attachmentsCount":1,"hasContent":true,"attachmentStep":false},"afterStages":[{"name":"abort_on_fail::0","time":{"start":1729560535775,"stop":1729560535775,"duration":0},"status":"passed","steps":[],"attachments":[],"parameters":[],"stepsCount":0,"shouldDisplayMessage":false,"attachmentsCount":0,"hasContent":false,"attachmentStep":false},{"name":"ops_test::finalizer","time":{"start":1729560535776,"stop":1729560536587,"duration":811},"status":"passed","steps":[],"attachments":[],"parameters":[],"stepsCount":0,"shouldDisplayMessage":false,"attachmentsCount":0,"hasContent":false,"attachmentStep":false},{"name":"event_loop::2","time":{"start":1729560536588,"stop":1729560536588,"duration":0},"status":"passed","steps":[],"attachments":[],"parameters":[],"stepsCount":0,"shouldDisplayMessage":false,"attachmentsCount":0,"hasContent":false,"attachmentStep":false},{"name":"event_loop::_close_event_loop","time":{"start":1729560536588,"stop":1729560536588,"duration":0},"status":"passed","steps":[],"attachments":[],"parameters":[],"stepsCount":0,"shouldDisplayMessage":false,"attachmentsCount":0,"hasContent":false,"attachmentStep":false},{"name":"event_loop::_provide_clean_event_loop","time":{"start":1729560536588,"stop":1729560536588,"duration":0},"status":"passed","steps":[],"attachments":[],"parameters":[],"stepsCount":0,"shouldDisplayMessage":false,"attachmentsCount":0,"hasContent":false,"attachmentStep":false}],"labels":[{"name":"tag","value":"group(1)"},{"name":"tag","value":"abort_on_fail"},{"name":"tag","value":"asyncio"},{"name":"parentSuite","value":"tests.integration"},{"name":"suite","value":"test_smoke"},{"name":"host","value":"fv-az714-229"},{"name":"thread","value":"13294-MainThread"},{"name":"framework","value":"pytest"},{"name":"language","value":"cpython3"},{"name":"package","value":"tests.integration.test_smoke"},{"name":"resultFormat","value":"allure2"}],"parameters":[],"links":[],"hidden":false,"retry":false,"extra":{"severity":"normal","retries":[{"uid":"522e929329275736","status":"unknown","time":{}}],"categories":[{"name":"Product defects","matchedStatuses":[],"flaky":false}],"history":{"statistic":{"failed":17,"broken":1,"skipped":0,"passed":65,"unknown":0,"total":83},"items":[{"uid":"f4f4b8d19532e971","reportUrl":"../1356//#testresult/f4f4b8d19532e971","status":"passed","time":{"start":1729473915853,"stop":1729474211755,"duration":295902}},{"uid":"56a75bfea2e12137","reportUrl":"../1353//#testresult/56a75bfea2e12137","status":"passed","time":{"start":1729387559975,"stop":1729387841346,"duration":281371}},{"uid":"44ab98885eea5656","reportUrl":"../1351//#testresult/44ab98885eea5656","status":"passed","time":{"start":1729301068515,"stop":1729301445751,"duration":377236}},{"uid":"dfe89161c8f115fd","reportUrl":"../1348//#testresult/dfe89161c8f115fd","status":"passed","time":{"start":1729214709191,"stop":1729215034292,"duration":325101}},{"uid":"b87292d975717852","reportUrl":"../1345//#testresult/b87292d975717852","status":"passed","time":{"start":1729128448958,"stop":1729128839316,"duration":390358}},{"uid":"2186874990dd5c70","reportUrl":"../1343//#testresult/2186874990dd5c70","status":"passed","time":{"start":1729041878733,"stop":1729042242092,"duration":363359}},{"uid":"2a879c7164166eff","reportUrl":"../1340//#testresult/2a879c7164166eff","status":"passed","time":{"start":1728955492492,"stop":1728955737656,"duration":245164}},{"uid":"5ad3cfc78d2881a7","reportUrl":"../1336//#testresult/5ad3cfc78d2881a7","status":"failed","statusDetails":"AssertionError: assert 'mysql-database' in ['information_schema', 'mysql', 'performance_schema', 'sys']","time":{"start":1728869085598,"stop":1728869297241,"duration":211643}},{"uid":"ab45ba171a40aad","reportUrl":"../1334//#testresult/ab45ba171a40aad","status":"passed","time":{"start":1728782711219,"stop":1728782971552,"duration":260333}},{"uid":"7c66119ed60148b3","reportUrl":"../1332//#testresult/7c66119ed60148b3","status":"failed","statusDetails":"AssertionError: assert 'mysql-database' in ['information_schema', 'mysql', 'performance_schema', 'sys']","time":{"start":1728696286584,"stop":1728696502247,"duration":215663}},{"uid":"e6ec9f704e25c0a2","reportUrl":"../1327//#testresult/e6ec9f704e25c0a2","status":"passed","time":{"start":1728609866790,"stop":1728610160824,"duration":294034}},{"uid":"56fa4da4761bb8f7","reportUrl":"../1324//#testresult/56fa4da4761bb8f7","status":"passed","time":{"start":1728523517845,"stop":1728523750751,"duration":232906}},{"uid":"947727f904de2b0b","reportUrl":"../1320//#testresult/947727f904de2b0b","status":"failed","statusDetails":"AssertionError: assert 'mysql-database' in ['information_schema', 'mysql', 'performance_schema', 'sys']","time":{"start":1728437099564,"stop":1728437365800,"duration":266236}},{"uid":"6e85be18f5d6be5b","reportUrl":"../1316//#testresult/6e85be18f5d6be5b","status":"failed","statusDetails":"AssertionError: assert 'mysql-database' in ['information_schema', 'mysql', 'performance_schema', 'sys']","time":{"start":1728350688622,"stop":1728350912413,"duration":223791}},{"uid":"1b9f555beaad9e86","reportUrl":"../1313//#testresult/1b9f555beaad9e86","status":"failed","statusDetails":"AssertionError: assert 'mysql-database' in ['information_schema', 'mysql', 'performance_schema', 'sys']","time":{"start":1728264301888,"stop":1728264534120,"duration":232232}},{"uid":"99b3ca9152dd45b","reportUrl":"../1312//#testresult/99b3ca9152dd45b","status":"passed","time":{"start":1728177917709,"stop":1728178235260,"duration":317551}},{"uid":"fb5588fd240f0694","reportUrl":"../1311//#testresult/fb5588fd240f0694","status":"passed","time":{"start":1728091461671,"stop":1728091747264,"duration":285593}},{"uid":"68dca7b67845d850","reportUrl":"../1309//#testresult/68dca7b67845d850","status":"passed","time":{"start":1728005076240,"stop":1728005385601,"duration":309361}},{"uid":"a6eb5d3364fc1de6","reportUrl":"../1304//#testresult/a6eb5d3364fc1de6","status":"passed","time":{"start":1727918668370,"stop":1727918907675,"duration":239305}},{"uid":"cbe6c76ba6c81421","reportUrl":"../1298//#testresult/cbe6c76ba6c81421","status":"passed","time":{"start":1727832266317,"stop":1727832606545,"duration":340228}}]},"tags":["asyncio","abort_on_fail","group(1)"]},"source":"5705ccf93b2d191b.json","parameterValues":[]}