{"uid":"ea9fe9a48a5ce559","name":"test_smoke","fullName":"tests.integration.test_bundle#test_smoke","historyId":"8365ae005fe2fc7d93728a931ef3d460","time":{"start":1763083595335,"stop":1763085056665,"duration":1461330},"description":"Deploy bundle with apps and test various component integrations.","descriptionHtml":"<p>Deploy bundle with apps and test various component integrations.</p>\n","status":"broken","statusMessage":"TimeoutError","statusTrace":"Traceback (most recent call last):\n  File \"/usr/lib/python3.12/asyncio/tasks.py\", line 520, in wait_for\n    return await fut\n           ^^^^^^^^^\n  File \"/home/runner/work/mysql-k8s-bundle/mysql-k8s-bundle/.tox/integration/lib/python3.12/site-packages/juju/utils.py\", line 129, in _block\n    await jasyncio.sleep(wait_period)\n  File \"/usr/lib/python3.12/asyncio/tasks.py\", line 665, in sleep\n    return await future\n           ^^^^^^^^^^^^\nasyncio.exceptions.CancelledError\n\nThe above exception was the direct cause of the following exception:\n\nTraceback (most recent call last):\n  File \"/home/runner/work/mysql-k8s-bundle/mysql-k8s-bundle/.tox/integration/lib/python3.12/site-packages/_pytest/runner.py\", line 341, in from_call\n    result: TResult | None = func()\n                             ^^^^^^\n  File \"/home/runner/work/mysql-k8s-bundle/mysql-k8s-bundle/.tox/integration/lib/python3.12/site-packages/_pytest/runner.py\", line 242, in <lambda>\n    lambda: runtest_hook(item=item, **kwds), when=when, reraise=reraise\n            ^^^^^^^^^^^^^^^^^^^^^^^^^^^^^^^\n  File \"/home/runner/work/mysql-k8s-bundle/mysql-k8s-bundle/.tox/integration/lib/python3.12/site-packages/pluggy/_hooks.py\", line 513, in __call__\n    return self._hookexec(self.name, self._hookimpls.copy(), kwargs, firstresult)\n           ^^^^^^^^^^^^^^^^^^^^^^^^^^^^^^^^^^^^^^^^^^^^^^^^^^^^^^^^^^^^^^^^^^^^^^\n  File \"/home/runner/work/mysql-k8s-bundle/mysql-k8s-bundle/.tox/integration/lib/python3.12/site-packages/pluggy/_manager.py\", line 120, in _hookexec\n    return self._inner_hookexec(hook_name, methods, kwargs, firstresult)\n           ^^^^^^^^^^^^^^^^^^^^^^^^^^^^^^^^^^^^^^^^^^^^^^^^^^^^^^^^^^^^^\n  File \"/home/runner/work/mysql-k8s-bundle/mysql-k8s-bundle/.tox/integration/lib/python3.12/site-packages/pluggy/_callers.py\", line 182, in _multicall\n    return outcome.get_result()\n           ^^^^^^^^^^^^^^^^^^^^\n  File \"/home/runner/work/mysql-k8s-bundle/mysql-k8s-bundle/.tox/integration/lib/python3.12/site-packages/pluggy/_result.py\", line 100, in get_result\n    raise exc.with_traceback(exc.__traceback__)\n  File \"/home/runner/work/mysql-k8s-bundle/mysql-k8s-bundle/.tox/integration/lib/python3.12/site-packages/pluggy/_callers.py\", line 167, in _multicall\n    teardown.throw(outcome._exception)\n  File \"/home/runner/work/mysql-k8s-bundle/mysql-k8s-bundle/.tox/integration/lib/python3.12/site-packages/_pytest/threadexception.py\", line 92, in pytest_runtest_call\n    yield from thread_exception_runtest_hook()\n  File \"/home/runner/work/mysql-k8s-bundle/mysql-k8s-bundle/.tox/integration/lib/python3.12/site-packages/_pytest/threadexception.py\", line 68, in thread_exception_runtest_hook\n    yield\n  File \"/home/runner/work/mysql-k8s-bundle/mysql-k8s-bundle/.tox/integration/lib/python3.12/site-packages/pluggy/_callers.py\", line 167, in _multicall\n    teardown.throw(outcome._exception)\n  File \"/home/runner/work/mysql-k8s-bundle/mysql-k8s-bundle/.tox/integration/lib/python3.12/site-packages/_pytest/unraisableexception.py\", line 95, in pytest_runtest_call\n    yield from unraisable_exception_runtest_hook()\n  File \"/home/runner/work/mysql-k8s-bundle/mysql-k8s-bundle/.tox/integration/lib/python3.12/site-packages/_pytest/unraisableexception.py\", line 70, in unraisable_exception_runtest_hook\n    yield\n  File \"/home/runner/work/mysql-k8s-bundle/mysql-k8s-bundle/.tox/integration/lib/python3.12/site-packages/pluggy/_callers.py\", line 167, in _multicall\n    teardown.throw(outcome._exception)\n  File \"/home/runner/work/mysql-k8s-bundle/mysql-k8s-bundle/.tox/integration/lib/python3.12/site-packages/_pytest/logging.py\", line 846, in pytest_runtest_call\n    yield from self._runtest_for(item, \"call\")\n  File \"/home/runner/work/mysql-k8s-bundle/mysql-k8s-bundle/.tox/integration/lib/python3.12/site-packages/_pytest/logging.py\", line 829, in _runtest_for\n    yield\n  File \"/home/runner/work/mysql-k8s-bundle/mysql-k8s-bundle/.tox/integration/lib/python3.12/site-packages/pluggy/_callers.py\", line 167, in _multicall\n    teardown.throw(outcome._exception)\n  File \"/home/runner/work/mysql-k8s-bundle/mysql-k8s-bundle/.tox/integration/lib/python3.12/site-packages/_pytest/capture.py\", line 880, in pytest_runtest_call\n    return (yield)\n            ^^^^^\n  File \"/home/runner/work/mysql-k8s-bundle/mysql-k8s-bundle/.tox/integration/lib/python3.12/site-packages/pluggy/_callers.py\", line 167, in _multicall\n    teardown.throw(outcome._exception)\n  File \"/home/runner/work/mysql-k8s-bundle/mysql-k8s-bundle/.tox/integration/lib/python3.12/site-packages/_pytest/skipping.py\", line 257, in pytest_runtest_call\n    return (yield)\n            ^^^^^\n  File \"/home/runner/work/mysql-k8s-bundle/mysql-k8s-bundle/.tox/integration/lib/python3.12/site-packages/pluggy/_callers.py\", line 103, in _multicall\n    res = hook_impl.function(*args)\n          ^^^^^^^^^^^^^^^^^^^^^^^^^\n  File \"/home/runner/work/mysql-k8s-bundle/mysql-k8s-bundle/.tox/integration/lib/python3.12/site-packages/_pytest/runner.py\", line 174, in pytest_runtest_call\n    item.runtest()\n  File \"/home/runner/work/mysql-k8s-bundle/mysql-k8s-bundle/.tox/integration/lib/python3.12/site-packages/_pytest/python.py\", line 1627, in runtest\n    self.ihook.pytest_pyfunc_call(pyfuncitem=self)\n  File \"/home/runner/work/mysql-k8s-bundle/mysql-k8s-bundle/.tox/integration/lib/python3.12/site-packages/pluggy/_hooks.py\", line 513, in __call__\n    return self._hookexec(self.name, self._hookimpls.copy(), kwargs, firstresult)\n           ^^^^^^^^^^^^^^^^^^^^^^^^^^^^^^^^^^^^^^^^^^^^^^^^^^^^^^^^^^^^^^^^^^^^^^\n  File \"/home/runner/work/mysql-k8s-bundle/mysql-k8s-bundle/.tox/integration/lib/python3.12/site-packages/pluggy/_manager.py\", line 120, in _hookexec\n    return self._inner_hookexec(hook_name, methods, kwargs, firstresult)\n           ^^^^^^^^^^^^^^^^^^^^^^^^^^^^^^^^^^^^^^^^^^^^^^^^^^^^^^^^^^^^^\n  File \"/home/runner/work/mysql-k8s-bundle/mysql-k8s-bundle/.tox/integration/lib/python3.12/site-packages/pluggy/_callers.py\", line 182, in _multicall\n    return outcome.get_result()\n           ^^^^^^^^^^^^^^^^^^^^\n  File \"/home/runner/work/mysql-k8s-bundle/mysql-k8s-bundle/.tox/integration/lib/python3.12/site-packages/pluggy/_result.py\", line 100, in get_result\n    raise exc.with_traceback(exc.__traceback__)\n  File \"/home/runner/work/mysql-k8s-bundle/mysql-k8s-bundle/.tox/integration/lib/python3.12/site-packages/pluggy/_callers.py\", line 103, in _multicall\n    res = hook_impl.function(*args)\n          ^^^^^^^^^^^^^^^^^^^^^^^^^\n  File \"/home/runner/work/mysql-k8s-bundle/mysql-k8s-bundle/.tox/integration/lib/python3.12/site-packages/_pytest/python.py\", line 159, in pytest_pyfunc_call\n    result = testfunction(**testargs)\n             ^^^^^^^^^^^^^^^^^^^^^^^^\n  File \"/home/runner/work/mysql-k8s-bundle/mysql-k8s-bundle/.tox/integration/lib/python3.12/site-packages/pytest_asyncio/plugin.py\", line 529, in inner\n    _loop.run_until_complete(task)\n  File \"/usr/lib/python3.12/asyncio/base_events.py\", line 687, in run_until_complete\n    return future.result()\n           ^^^^^^^^^^^^^^^\n  File \"/home/runner/work/mysql-k8s-bundle/mysql-k8s-bundle/tests/integration/test_bundle.py\", line 95, in test_smoke\n    await ensure_statuses(ops_test)\n  File \"/home/runner/work/mysql-k8s-bundle/mysql-k8s-bundle/tests/integration/test_bundle.py\", line 45, in ensure_statuses\n    await ops_test.model.block_until(\n  File \"/home/runner/work/mysql-k8s-bundle/mysql-k8s-bundle/.tox/integration/lib/python3.12/site-packages/juju/model.py\", line 1046, in block_until\n    await utils.block_until(done,\n  File \"/home/runner/work/mysql-k8s-bundle/mysql-k8s-bundle/.tox/integration/lib/python3.12/site-packages/juju/utils.py\", line 130, in block_until\n    await jasyncio.shield(jasyncio.wait_for(_block(), timeout))\n  File \"/usr/lib/python3.12/asyncio/tasks.py\", line 519, in wait_for\n    async with timeouts.timeout(timeout):\n  File \"/usr/lib/python3.12/asyncio/timeouts.py\", line 115, in __aexit__\n    raise TimeoutError from exc_val\nTimeoutError","flaky":false,"newFailed":false,"newBroken":true,"newPassed":false,"retriesCount":1,"retriesStatusChange":true,"beforeStages":[{"name":"event_loop","time":{"start":1763083595094,"stop":1763083595094,"duration":0},"status":"passed","steps":[],"attachments":[],"parameters":[],"shouldDisplayMessage":false,"stepsCount":0,"attachmentsCount":0,"hasContent":false,"attachmentStep":false},{"name":"tmp_path_factory","time":{"start":1763083595094,"stop":1763083595095,"duration":1},"status":"passed","steps":[],"attachments":[],"parameters":[],"shouldDisplayMessage":false,"stepsCount":0,"attachmentsCount":0,"hasContent":false,"attachmentStep":false},{"name":"ops_test","time":{"start":1763083595095,"stop":1763083595334,"duration":239},"status":"passed","steps":[],"attachments":[],"parameters":[],"shouldDisplayMessage":false,"stepsCount":0,"attachmentsCount":0,"hasContent":false,"attachmentStep":false},{"name":"abort_on_fail","time":{"start":1763083595334,"stop":1763083595334,"duration":0},"status":"passed","steps":[],"attachments":[],"parameters":[],"shouldDisplayMessage":false,"stepsCount":0,"attachmentsCount":0,"hasContent":false,"attachmentStep":false}],"testStage":{"description":"Deploy bundle with apps and test various component integrations.","status":"broken","statusMessage":"TimeoutError","statusTrace":"Traceback (most recent call last):\n  File \"/usr/lib/python3.12/asyncio/tasks.py\", line 520, in wait_for\n    return await fut\n           ^^^^^^^^^\n  File \"/home/runner/work/mysql-k8s-bundle/mysql-k8s-bundle/.tox/integration/lib/python3.12/site-packages/juju/utils.py\", line 129, in _block\n    await jasyncio.sleep(wait_period)\n  File \"/usr/lib/python3.12/asyncio/tasks.py\", line 665, in sleep\n    return await future\n           ^^^^^^^^^^^^\nasyncio.exceptions.CancelledError\n\nThe above exception was the direct cause of the following exception:\n\nTraceback (most recent call last):\n  File \"/home/runner/work/mysql-k8s-bundle/mysql-k8s-bundle/.tox/integration/lib/python3.12/site-packages/_pytest/runner.py\", line 341, in from_call\n    result: TResult | None = func()\n                             ^^^^^^\n  File \"/home/runner/work/mysql-k8s-bundle/mysql-k8s-bundle/.tox/integration/lib/python3.12/site-packages/_pytest/runner.py\", line 242, in <lambda>\n    lambda: runtest_hook(item=item, **kwds), when=when, reraise=reraise\n            ^^^^^^^^^^^^^^^^^^^^^^^^^^^^^^^\n  File \"/home/runner/work/mysql-k8s-bundle/mysql-k8s-bundle/.tox/integration/lib/python3.12/site-packages/pluggy/_hooks.py\", line 513, in __call__\n    return self._hookexec(self.name, self._hookimpls.copy(), kwargs, firstresult)\n           ^^^^^^^^^^^^^^^^^^^^^^^^^^^^^^^^^^^^^^^^^^^^^^^^^^^^^^^^^^^^^^^^^^^^^^\n  File \"/home/runner/work/mysql-k8s-bundle/mysql-k8s-bundle/.tox/integration/lib/python3.12/site-packages/pluggy/_manager.py\", line 120, in _hookexec\n    return self._inner_hookexec(hook_name, methods, kwargs, firstresult)\n           ^^^^^^^^^^^^^^^^^^^^^^^^^^^^^^^^^^^^^^^^^^^^^^^^^^^^^^^^^^^^^\n  File \"/home/runner/work/mysql-k8s-bundle/mysql-k8s-bundle/.tox/integration/lib/python3.12/site-packages/pluggy/_callers.py\", line 182, in _multicall\n    return outcome.get_result()\n           ^^^^^^^^^^^^^^^^^^^^\n  File \"/home/runner/work/mysql-k8s-bundle/mysql-k8s-bundle/.tox/integration/lib/python3.12/site-packages/pluggy/_result.py\", line 100, in get_result\n    raise exc.with_traceback(exc.__traceback__)\n  File \"/home/runner/work/mysql-k8s-bundle/mysql-k8s-bundle/.tox/integration/lib/python3.12/site-packages/pluggy/_callers.py\", line 167, in _multicall\n    teardown.throw(outcome._exception)\n  File \"/home/runner/work/mysql-k8s-bundle/mysql-k8s-bundle/.tox/integration/lib/python3.12/site-packages/_pytest/threadexception.py\", line 92, in pytest_runtest_call\n    yield from thread_exception_runtest_hook()\n  File \"/home/runner/work/mysql-k8s-bundle/mysql-k8s-bundle/.tox/integration/lib/python3.12/site-packages/_pytest/threadexception.py\", line 68, in thread_exception_runtest_hook\n    yield\n  File \"/home/runner/work/mysql-k8s-bundle/mysql-k8s-bundle/.tox/integration/lib/python3.12/site-packages/pluggy/_callers.py\", line 167, in _multicall\n    teardown.throw(outcome._exception)\n  File \"/home/runner/work/mysql-k8s-bundle/mysql-k8s-bundle/.tox/integration/lib/python3.12/site-packages/_pytest/unraisableexception.py\", line 95, in pytest_runtest_call\n    yield from unraisable_exception_runtest_hook()\n  File \"/home/runner/work/mysql-k8s-bundle/mysql-k8s-bundle/.tox/integration/lib/python3.12/site-packages/_pytest/unraisableexception.py\", line 70, in unraisable_exception_runtest_hook\n    yield\n  File \"/home/runner/work/mysql-k8s-bundle/mysql-k8s-bundle/.tox/integration/lib/python3.12/site-packages/pluggy/_callers.py\", line 167, in _multicall\n    teardown.throw(outcome._exception)\n  File \"/home/runner/work/mysql-k8s-bundle/mysql-k8s-bundle/.tox/integration/lib/python3.12/site-packages/_pytest/logging.py\", line 846, in pytest_runtest_call\n    yield from self._runtest_for(item, \"call\")\n  File \"/home/runner/work/mysql-k8s-bundle/mysql-k8s-bundle/.tox/integration/lib/python3.12/site-packages/_pytest/logging.py\", line 829, in _runtest_for\n    yield\n  File \"/home/runner/work/mysql-k8s-bundle/mysql-k8s-bundle/.tox/integration/lib/python3.12/site-packages/pluggy/_callers.py\", line 167, in _multicall\n    teardown.throw(outcome._exception)\n  File \"/home/runner/work/mysql-k8s-bundle/mysql-k8s-bundle/.tox/integration/lib/python3.12/site-packages/_pytest/capture.py\", line 880, in pytest_runtest_call\n    return (yield)\n            ^^^^^\n  File \"/home/runner/work/mysql-k8s-bundle/mysql-k8s-bundle/.tox/integration/lib/python3.12/site-packages/pluggy/_callers.py\", line 167, in _multicall\n    teardown.throw(outcome._exception)\n  File \"/home/runner/work/mysql-k8s-bundle/mysql-k8s-bundle/.tox/integration/lib/python3.12/site-packages/_pytest/skipping.py\", line 257, in pytest_runtest_call\n    return (yield)\n            ^^^^^\n  File \"/home/runner/work/mysql-k8s-bundle/mysql-k8s-bundle/.tox/integration/lib/python3.12/site-packages/pluggy/_callers.py\", line 103, in _multicall\n    res = hook_impl.function(*args)\n          ^^^^^^^^^^^^^^^^^^^^^^^^^\n  File \"/home/runner/work/mysql-k8s-bundle/mysql-k8s-bundle/.tox/integration/lib/python3.12/site-packages/_pytest/runner.py\", line 174, in pytest_runtest_call\n    item.runtest()\n  File \"/home/runner/work/mysql-k8s-bundle/mysql-k8s-bundle/.tox/integration/lib/python3.12/site-packages/_pytest/python.py\", line 1627, in runtest\n    self.ihook.pytest_pyfunc_call(pyfuncitem=self)\n  File \"/home/runner/work/mysql-k8s-bundle/mysql-k8s-bundle/.tox/integration/lib/python3.12/site-packages/pluggy/_hooks.py\", line 513, in __call__\n    return self._hookexec(self.name, self._hookimpls.copy(), kwargs, firstresult)\n           ^^^^^^^^^^^^^^^^^^^^^^^^^^^^^^^^^^^^^^^^^^^^^^^^^^^^^^^^^^^^^^^^^^^^^^\n  File \"/home/runner/work/mysql-k8s-bundle/mysql-k8s-bundle/.tox/integration/lib/python3.12/site-packages/pluggy/_manager.py\", line 120, in _hookexec\n    return self._inner_hookexec(hook_name, methods, kwargs, firstresult)\n           ^^^^^^^^^^^^^^^^^^^^^^^^^^^^^^^^^^^^^^^^^^^^^^^^^^^^^^^^^^^^^\n  File \"/home/runner/work/mysql-k8s-bundle/mysql-k8s-bundle/.tox/integration/lib/python3.12/site-packages/pluggy/_callers.py\", line 182, in _multicall\n    return outcome.get_result()\n           ^^^^^^^^^^^^^^^^^^^^\n  File \"/home/runner/work/mysql-k8s-bundle/mysql-k8s-bundle/.tox/integration/lib/python3.12/site-packages/pluggy/_result.py\", line 100, in get_result\n    raise exc.with_traceback(exc.__traceback__)\n  File \"/home/runner/work/mysql-k8s-bundle/mysql-k8s-bundle/.tox/integration/lib/python3.12/site-packages/pluggy/_callers.py\", line 103, in _multicall\n    res = hook_impl.function(*args)\n          ^^^^^^^^^^^^^^^^^^^^^^^^^\n  File \"/home/runner/work/mysql-k8s-bundle/mysql-k8s-bundle/.tox/integration/lib/python3.12/site-packages/_pytest/python.py\", line 159, in pytest_pyfunc_call\n    result = testfunction(**testargs)\n             ^^^^^^^^^^^^^^^^^^^^^^^^\n  File \"/home/runner/work/mysql-k8s-bundle/mysql-k8s-bundle/.tox/integration/lib/python3.12/site-packages/pytest_asyncio/plugin.py\", line 529, in inner\n    _loop.run_until_complete(task)\n  File \"/usr/lib/python3.12/asyncio/base_events.py\", line 687, in run_until_complete\n    return future.result()\n           ^^^^^^^^^^^^^^^\n  File \"/home/runner/work/mysql-k8s-bundle/mysql-k8s-bundle/tests/integration/test_bundle.py\", line 95, in test_smoke\n    await ensure_statuses(ops_test)\n  File \"/home/runner/work/mysql-k8s-bundle/mysql-k8s-bundle/tests/integration/test_bundle.py\", line 45, in ensure_statuses\n    await ops_test.model.block_until(\n  File \"/home/runner/work/mysql-k8s-bundle/mysql-k8s-bundle/.tox/integration/lib/python3.12/site-packages/juju/model.py\", line 1046, in block_until\n    await utils.block_until(done,\n  File \"/home/runner/work/mysql-k8s-bundle/mysql-k8s-bundle/.tox/integration/lib/python3.12/site-packages/juju/utils.py\", line 130, in block_until\n    await jasyncio.shield(jasyncio.wait_for(_block(), timeout))\n  File \"/usr/lib/python3.12/asyncio/tasks.py\", line 519, in wait_for\n    async with timeouts.timeout(timeout):\n  File \"/usr/lib/python3.12/asyncio/timeouts.py\", line 115, in __aexit__\n    raise TimeoutError from exc_val\nTimeoutError","steps":[],"attachments":[{"uid":"bfa5c60d488ec3b","name":"log","source":"bfa5c60d488ec3b.txt","type":"text/plain","size":49494}],"parameters":[],"shouldDisplayMessage":true,"stepsCount":0,"attachmentsCount":1,"hasContent":true,"attachmentStep":false},"afterStages":[{"name":"abort_on_fail::0","time":{"start":1763085056712,"stop":1763085056712,"duration":0},"status":"passed","steps":[],"attachments":[],"parameters":[],"shouldDisplayMessage":false,"stepsCount":0,"attachmentsCount":0,"hasContent":false,"attachmentStep":false},{"name":"ops_test::finalizer","time":{"start":1763085056714,"stop":1763085058146,"duration":1432},"status":"passed","steps":[],"attachments":[],"parameters":[],"shouldDisplayMessage":false,"stepsCount":0,"attachmentsCount":0,"hasContent":false,"attachmentStep":false},{"name":"event_loop::2","time":{"start":1763085058150,"stop":1763085058150,"duration":0},"status":"passed","steps":[],"attachments":[],"parameters":[],"shouldDisplayMessage":false,"stepsCount":0,"attachmentsCount":0,"hasContent":false,"attachmentStep":false},{"name":"event_loop::_close_event_loop","time":{"start":1763085058150,"stop":1763085058151,"duration":1},"status":"passed","steps":[],"attachments":[],"parameters":[],"shouldDisplayMessage":false,"stepsCount":0,"attachmentsCount":0,"hasContent":false,"attachmentStep":false},{"name":"event_loop::_provide_clean_event_loop","time":{"start":1763085058151,"stop":1763085058151,"duration":0},"status":"passed","steps":[],"attachments":[],"parameters":[],"shouldDisplayMessage":false,"stepsCount":0,"attachmentsCount":0,"hasContent":false,"attachmentStep":false}],"labels":[{"name":"tag","value":"group(1)"},{"name":"tag","value":"abort_on_fail"},{"name":"tag","value":"asyncio"},{"name":"parentSuite","value":"tests.integration"},{"name":"suite","value":"test_bundle"},{"name":"host","value":"runnervmw9dnm"},{"name":"thread","value":"16993-MainThread"},{"name":"framework","value":"pytest"},{"name":"language","value":"cpython3"},{"name":"package","value":"tests.integration.test_bundle"},{"name":"resultFormat","value":"allure2"}],"parameters":[],"links":[],"hidden":false,"retry":false,"extra":{"severity":"normal","retries":[{"uid":"c1e136428157657d","status":"unknown","time":{}}],"categories":[{"name":"Test defects","matchedStatuses":[]}],"history":{"statistic":{"failed":0,"broken":11,"skipped":0,"passed":14,"unknown":4,"total":29},"items":[{"uid":"a4ed59d32529d90c","reportUrl":"../2143//#testresult/a4ed59d32529d90c","status":"passed","time":{"start":1762997218638,"stop":1762997547717,"duration":329079}},{"uid":"23d0019fd9949065","reportUrl":"../2142//#testresult/23d0019fd9949065","status":"broken","statusDetails":"TimeoutError","time":{"start":1762910798704,"stop":1762912285683,"duration":1486979}},{"uid":"84c0894d3f402f8b","reportUrl":"../2136//#testresult/84c0894d3f402f8b","status":"broken","statusDetails":"TimeoutError","time":{"start":1762824379962,"stop":1762825842711,"duration":1462749}},{"uid":"a6852160d9210923","reportUrl":"../2134//#testresult/a6852160d9210923","status":"passed","time":{"start":1762738032487,"stop":1762738346505,"duration":314018}},{"uid":"18066fa54b4ccc86","reportUrl":"../2132//#testresult/18066fa54b4ccc86","status":"broken","statusDetails":"TimeoutError","time":{"start":1762651569313,"stop":1762653041034,"duration":1471721}},{"uid":"a345e90aca643abb","reportUrl":"../2130//#testresult/a345e90aca643abb","status":"passed","time":{"start":1762565184767,"stop":1762565481405,"duration":296638}},{"uid":"b3af12f7c2ac6ef9","reportUrl":"../2128//#testresult/b3af12f7c2ac6ef9","status":"passed","time":{"start":1762478795785,"stop":1762479104276,"duration":308491}},{"uid":"931b45a53c92f72c","reportUrl":"../2126//#testresult/931b45a53c92f72c","status":"passed","time":{"start":1762392420175,"stop":1762392722420,"duration":302245}},{"uid":"6cd37a586235f077","reportUrl":"../2124//#testresult/6cd37a586235f077","status":"broken","statusDetails":"TimeoutError","time":{"start":1762306053205,"stop":1762307514690,"duration":1461485}},{"uid":"8a77a3f726238749","reportUrl":"../2118//#testresult/8a77a3f726238749","status":"passed","time":{"start":1762219588040,"stop":1762219865314,"duration":277274}},{"uid":"63054b09d7867e0d","reportUrl":"../2116//#testresult/63054b09d7867e0d","status":"broken","statusDetails":"TimeoutError","time":{"start":1762133298693,"stop":1762134748288,"duration":1449595}},{"uid":"22d30bee6370481d","reportUrl":"../2114//#testresult/22d30bee6370481d","status":"passed","time":{"start":1762046859443,"stop":1762047170910,"duration":311467}},{"uid":"e7dc1acbb6b3bef6","reportUrl":"../2112//#testresult/e7dc1acbb6b3bef6","status":"broken","statusDetails":"TimeoutError","time":{"start":1761960484418,"stop":1761961947011,"duration":1462593}},{"uid":"6df1ca7b81cb0081","reportUrl":"../2109//#testresult/6df1ca7b81cb0081","status":"broken","statusDetails":"TimeoutError","time":{"start":1761873991357,"stop":1761875460961,"duration":1469604}},{"uid":"9b54b8e16ae6490f","reportUrl":"../2107//#testresult/9b54b8e16ae6490f","status":"broken","statusDetails":"TimeoutError","time":{"start":1761787703129,"stop":1761789156723,"duration":1453594}},{"uid":"6f5d7b8c4cad2ec9","reportUrl":"../2105//#testresult/6f5d7b8c4cad2ec9","status":"passed","time":{"start":1761701268336,"stop":1761701609423,"duration":341087}},{"uid":"e29d66df220b953f","reportUrl":"../2099//#testresult/e29d66df220b953f","status":"passed","time":{"start":1761614798077,"stop":1761615339296,"duration":541219}},{"uid":"db3acbdb303fc0ac","reportUrl":"../2095//#testresult/db3acbdb303fc0ac","status":"broken","statusDetails":"TimeoutError","time":{"start":1761528443700,"stop":1761529889053,"duration":1445353}},{"uid":"d7cb732702410421","reportUrl":"../2093//#testresult/d7cb732702410421","status":"unknown","time":{}},{"uid":"36571e1ebbd4d7f5","reportUrl":"../2091//#testresult/36571e1ebbd4d7f5","status":"passed","time":{"start":1761355691653,"stop":1761355968415,"duration":276762}}]},"tags":["asyncio","abort_on_fail","group(1)"]},"source":"ea9fe9a48a5ce559.json","parameterValues":[]}