{"uid":"a5a2345b207d5896","name":"test_smoke","fullName":"tests.integration.test_smoke#test_smoke","historyId":"78ffebf457376473b3476ee0f7a454c9","time":{"start":1750901206649,"stop":1750901209742,"duration":3093},"description":"Deploy bundle with apps and test various component integrations.","descriptionHtml":"<p>Deploy bundle with apps and test various component integrations.</p>\n","status":"broken","statusMessage":"juju.errors.JujuError: resolving ch:grafana-agent-k8s : selecting releases: charm or bundle not found for channel \"latest/edge\", base \"amd64\"\navailable releases are:\n  channel \"1/stable\": available bases are: ubuntu@22.04\n  channel \"1/candidate\": available bases are: ubuntu@22.04\n  channel \"1/beta\": available bases are: ubuntu@22.04\n  channel \"1/edge\": available bases are: ubuntu@22.04\n  channel \"2/edge\": available bases are: ubuntu@24.04","statusTrace":"Traceback (most recent call last):\n  File \"/home/runner/work/mysql-k8s-bundle/mysql-k8s-bundle/.tox/integration/lib/python3.12/site-packages/_pytest/runner.py\", line 341, in from_call\n    result: TResult | None = func()\n                             ^^^^^^\n  File \"/home/runner/work/mysql-k8s-bundle/mysql-k8s-bundle/.tox/integration/lib/python3.12/site-packages/_pytest/runner.py\", line 242, in <lambda>\n    lambda: runtest_hook(item=item, **kwds), when=when, reraise=reraise\n            ^^^^^^^^^^^^^^^^^^^^^^^^^^^^^^^\n  File \"/home/runner/work/mysql-k8s-bundle/mysql-k8s-bundle/.tox/integration/lib/python3.12/site-packages/pluggy/_hooks.py\", line 513, in __call__\n    return self._hookexec(self.name, self._hookimpls.copy(), kwargs, firstresult)\n           ^^^^^^^^^^^^^^^^^^^^^^^^^^^^^^^^^^^^^^^^^^^^^^^^^^^^^^^^^^^^^^^^^^^^^^\n  File \"/home/runner/work/mysql-k8s-bundle/mysql-k8s-bundle/.tox/integration/lib/python3.12/site-packages/pluggy/_manager.py\", line 120, in _hookexec\n    return self._inner_hookexec(hook_name, methods, kwargs, firstresult)\n           ^^^^^^^^^^^^^^^^^^^^^^^^^^^^^^^^^^^^^^^^^^^^^^^^^^^^^^^^^^^^^\n  File \"/home/runner/work/mysql-k8s-bundle/mysql-k8s-bundle/.tox/integration/lib/python3.12/site-packages/pluggy/_callers.py\", line 182, in _multicall\n    return outcome.get_result()\n           ^^^^^^^^^^^^^^^^^^^^\n  File \"/home/runner/work/mysql-k8s-bundle/mysql-k8s-bundle/.tox/integration/lib/python3.12/site-packages/pluggy/_result.py\", line 100, in get_result\n    raise exc.with_traceback(exc.__traceback__)\n  File \"/home/runner/work/mysql-k8s-bundle/mysql-k8s-bundle/.tox/integration/lib/python3.12/site-packages/pluggy/_callers.py\", line 167, in _multicall\n    teardown.throw(outcome._exception)\n  File \"/home/runner/work/mysql-k8s-bundle/mysql-k8s-bundle/.tox/integration/lib/python3.12/site-packages/_pytest/threadexception.py\", line 92, in pytest_runtest_call\n    yield from thread_exception_runtest_hook()\n  File \"/home/runner/work/mysql-k8s-bundle/mysql-k8s-bundle/.tox/integration/lib/python3.12/site-packages/_pytest/threadexception.py\", line 68, in thread_exception_runtest_hook\n    yield\n  File \"/home/runner/work/mysql-k8s-bundle/mysql-k8s-bundle/.tox/integration/lib/python3.12/site-packages/pluggy/_callers.py\", line 167, in _multicall\n    teardown.throw(outcome._exception)\n  File \"/home/runner/work/mysql-k8s-bundle/mysql-k8s-bundle/.tox/integration/lib/python3.12/site-packages/_pytest/unraisableexception.py\", line 95, in pytest_runtest_call\n    yield from unraisable_exception_runtest_hook()\n  File \"/home/runner/work/mysql-k8s-bundle/mysql-k8s-bundle/.tox/integration/lib/python3.12/site-packages/_pytest/unraisableexception.py\", line 70, in unraisable_exception_runtest_hook\n    yield\n  File \"/home/runner/work/mysql-k8s-bundle/mysql-k8s-bundle/.tox/integration/lib/python3.12/site-packages/pluggy/_callers.py\", line 167, in _multicall\n    teardown.throw(outcome._exception)\n  File \"/home/runner/work/mysql-k8s-bundle/mysql-k8s-bundle/.tox/integration/lib/python3.12/site-packages/_pytest/logging.py\", line 846, in pytest_runtest_call\n    yield from self._runtest_for(item, \"call\")\n  File \"/home/runner/work/mysql-k8s-bundle/mysql-k8s-bundle/.tox/integration/lib/python3.12/site-packages/_pytest/logging.py\", line 829, in _runtest_for\n    yield\n  File \"/home/runner/work/mysql-k8s-bundle/mysql-k8s-bundle/.tox/integration/lib/python3.12/site-packages/pluggy/_callers.py\", line 167, in _multicall\n    teardown.throw(outcome._exception)\n  File \"/home/runner/work/mysql-k8s-bundle/mysql-k8s-bundle/.tox/integration/lib/python3.12/site-packages/_pytest/capture.py\", line 880, in pytest_runtest_call\n    return (yield)\n            ^^^^^\n  File \"/home/runner/work/mysql-k8s-bundle/mysql-k8s-bundle/.tox/integration/lib/python3.12/site-packages/pluggy/_callers.py\", line 167, in _multicall\n    teardown.throw(outcome._exception)\n  File \"/home/runner/work/mysql-k8s-bundle/mysql-k8s-bundle/.tox/integration/lib/python3.12/site-packages/_pytest/skipping.py\", line 257, in pytest_runtest_call\n    return (yield)\n            ^^^^^\n  File \"/home/runner/work/mysql-k8s-bundle/mysql-k8s-bundle/.tox/integration/lib/python3.12/site-packages/pluggy/_callers.py\", line 103, in _multicall\n    res = hook_impl.function(*args)\n          ^^^^^^^^^^^^^^^^^^^^^^^^^\n  File \"/home/runner/work/mysql-k8s-bundle/mysql-k8s-bundle/.tox/integration/lib/python3.12/site-packages/_pytest/runner.py\", line 174, in pytest_runtest_call\n    item.runtest()\n  File \"/home/runner/work/mysql-k8s-bundle/mysql-k8s-bundle/.tox/integration/lib/python3.12/site-packages/_pytest/python.py\", line 1627, in runtest\n    self.ihook.pytest_pyfunc_call(pyfuncitem=self)\n  File \"/home/runner/work/mysql-k8s-bundle/mysql-k8s-bundle/.tox/integration/lib/python3.12/site-packages/pluggy/_hooks.py\", line 513, in __call__\n    return self._hookexec(self.name, self._hookimpls.copy(), kwargs, firstresult)\n           ^^^^^^^^^^^^^^^^^^^^^^^^^^^^^^^^^^^^^^^^^^^^^^^^^^^^^^^^^^^^^^^^^^^^^^\n  File \"/home/runner/work/mysql-k8s-bundle/mysql-k8s-bundle/.tox/integration/lib/python3.12/site-packages/pluggy/_manager.py\", line 120, in _hookexec\n    return self._inner_hookexec(hook_name, methods, kwargs, firstresult)\n           ^^^^^^^^^^^^^^^^^^^^^^^^^^^^^^^^^^^^^^^^^^^^^^^^^^^^^^^^^^^^^\n  File \"/home/runner/work/mysql-k8s-bundle/mysql-k8s-bundle/.tox/integration/lib/python3.12/site-packages/pluggy/_callers.py\", line 182, in _multicall\n    return outcome.get_result()\n           ^^^^^^^^^^^^^^^^^^^^\n  File \"/home/runner/work/mysql-k8s-bundle/mysql-k8s-bundle/.tox/integration/lib/python3.12/site-packages/pluggy/_result.py\", line 100, in get_result\n    raise exc.with_traceback(exc.__traceback__)\n  File \"/home/runner/work/mysql-k8s-bundle/mysql-k8s-bundle/.tox/integration/lib/python3.12/site-packages/pluggy/_callers.py\", line 103, in _multicall\n    res = hook_impl.function(*args)\n          ^^^^^^^^^^^^^^^^^^^^^^^^^\n  File \"/home/runner/work/mysql-k8s-bundle/mysql-k8s-bundle/.tox/integration/lib/python3.12/site-packages/_pytest/python.py\", line 159, in pytest_pyfunc_call\n    result = testfunction(**testargs)\n             ^^^^^^^^^^^^^^^^^^^^^^^^\n  File \"/home/runner/work/mysql-k8s-bundle/mysql-k8s-bundle/.tox/integration/lib/python3.12/site-packages/pytest_asyncio/plugin.py\", line 529, in inner\n    _loop.run_until_complete(task)\n  File \"/usr/lib/python3.12/asyncio/base_events.py\", line 687, in run_until_complete\n    return future.result()\n           ^^^^^^^^^^^^^^^\n  File \"/home/runner/work/mysql-k8s-bundle/mysql-k8s-bundle/tests/integration/test_smoke.py\", line 66, in test_smoke\n    await ops_test.model.deploy(\"./releases/latest/mysql-k8s-bundle.yaml\", trust=True)\n  File \"/home/runner/work/mysql-k8s-bundle/mysql-k8s-bundle/.tox/integration/lib/python3.12/site-packages/juju/model.py\", line 1764, in deploy\n    await handler.execute_plan()\n  File \"/home/runner/work/mysql-k8s-bundle/mysql-k8s-bundle/.tox/integration/lib/python3.12/site-packages/juju/bundle.py\", line 408, in execute_plan\n    await self._resolve_charms()\n  File \"/home/runner/work/mysql-k8s-bundle/mysql-k8s-bundle/.tox/integration/lib/python3.12/site-packages/juju/bundle.py\", line 394, in _resolve_charms\n    charm_url, charm_origin = await self.model._resolve_charm(charm_url, origin)\n                              ^^^^^^^^^^^^^^^^^^^^^^^^^^^^^^^^^^^^^^^^^^^^^^^^^^\n  File \"/home/runner/work/mysql-k8s-bundle/mysql-k8s-bundle/.tox/integration/lib/python3.12/site-packages/juju/model.py\", line 1919, in _resolve_charm\n    raise JujuError(f'resolving {url} : {result.error.message}')\njuju.errors.JujuError: resolving ch:grafana-agent-k8s : selecting releases: charm or bundle not found for channel \"latest/edge\", base \"amd64\"\navailable releases are:\n  channel \"1/stable\": available bases are: ubuntu@22.04\n  channel \"1/candidate\": available bases are: ubuntu@22.04\n  channel \"1/beta\": available bases are: ubuntu@22.04\n  channel \"1/edge\": available bases are: ubuntu@22.04\n  channel \"2/edge\": available bases are: ubuntu@24.04","flaky":false,"newFailed":false,"newBroken":false,"newPassed":false,"retriesCount":1,"retriesStatusChange":true,"beforeStages":[{"name":"event_loop","time":{"start":1750901206415,"stop":1750901206416,"duration":1},"status":"passed","steps":[],"attachments":[],"parameters":[],"shouldDisplayMessage":false,"stepsCount":0,"attachmentsCount":0,"hasContent":false,"attachmentStep":false},{"name":"ops_test","time":{"start":1750901206416,"stop":1750901206648,"duration":232},"status":"passed","steps":[],"attachments":[],"parameters":[],"shouldDisplayMessage":false,"stepsCount":0,"attachmentsCount":0,"hasContent":false,"attachmentStep":false},{"name":"tmp_path_factory","time":{"start":1750901206416,"stop":1750901206416,"duration":0},"status":"passed","steps":[],"attachments":[],"parameters":[],"shouldDisplayMessage":false,"stepsCount":0,"attachmentsCount":0,"hasContent":false,"attachmentStep":false},{"name":"abort_on_fail","time":{"start":1750901206648,"stop":1750901206648,"duration":0},"status":"passed","steps":[],"attachments":[],"parameters":[],"shouldDisplayMessage":false,"stepsCount":0,"attachmentsCount":0,"hasContent":false,"attachmentStep":false}],"testStage":{"description":"Deploy bundle with apps and test various component integrations.","status":"broken","statusMessage":"juju.errors.JujuError: resolving ch:grafana-agent-k8s : selecting releases: charm or bundle not found for channel \"latest/edge\", base \"amd64\"\navailable releases are:\n  channel \"1/stable\": available bases are: ubuntu@22.04\n  channel \"1/candidate\": available bases are: ubuntu@22.04\n  channel \"1/beta\": available bases are: ubuntu@22.04\n  channel \"1/edge\": available bases are: ubuntu@22.04\n  channel \"2/edge\": available bases are: ubuntu@24.04","statusTrace":"Traceback (most recent call last):\n  File \"/home/runner/work/mysql-k8s-bundle/mysql-k8s-bundle/.tox/integration/lib/python3.12/site-packages/_pytest/runner.py\", line 341, in from_call\n    result: TResult | None = func()\n                             ^^^^^^\n  File \"/home/runner/work/mysql-k8s-bundle/mysql-k8s-bundle/.tox/integration/lib/python3.12/site-packages/_pytest/runner.py\", line 242, in <lambda>\n    lambda: runtest_hook(item=item, **kwds), when=when, reraise=reraise\n            ^^^^^^^^^^^^^^^^^^^^^^^^^^^^^^^\n  File \"/home/runner/work/mysql-k8s-bundle/mysql-k8s-bundle/.tox/integration/lib/python3.12/site-packages/pluggy/_hooks.py\", line 513, in __call__\n    return self._hookexec(self.name, self._hookimpls.copy(), kwargs, firstresult)\n           ^^^^^^^^^^^^^^^^^^^^^^^^^^^^^^^^^^^^^^^^^^^^^^^^^^^^^^^^^^^^^^^^^^^^^^\n  File \"/home/runner/work/mysql-k8s-bundle/mysql-k8s-bundle/.tox/integration/lib/python3.12/site-packages/pluggy/_manager.py\", line 120, in _hookexec\n    return self._inner_hookexec(hook_name, methods, kwargs, firstresult)\n           ^^^^^^^^^^^^^^^^^^^^^^^^^^^^^^^^^^^^^^^^^^^^^^^^^^^^^^^^^^^^^\n  File \"/home/runner/work/mysql-k8s-bundle/mysql-k8s-bundle/.tox/integration/lib/python3.12/site-packages/pluggy/_callers.py\", line 182, in _multicall\n    return outcome.get_result()\n           ^^^^^^^^^^^^^^^^^^^^\n  File \"/home/runner/work/mysql-k8s-bundle/mysql-k8s-bundle/.tox/integration/lib/python3.12/site-packages/pluggy/_result.py\", line 100, in get_result\n    raise exc.with_traceback(exc.__traceback__)\n  File \"/home/runner/work/mysql-k8s-bundle/mysql-k8s-bundle/.tox/integration/lib/python3.12/site-packages/pluggy/_callers.py\", line 167, in _multicall\n    teardown.throw(outcome._exception)\n  File \"/home/runner/work/mysql-k8s-bundle/mysql-k8s-bundle/.tox/integration/lib/python3.12/site-packages/_pytest/threadexception.py\", line 92, in pytest_runtest_call\n    yield from thread_exception_runtest_hook()\n  File \"/home/runner/work/mysql-k8s-bundle/mysql-k8s-bundle/.tox/integration/lib/python3.12/site-packages/_pytest/threadexception.py\", line 68, in thread_exception_runtest_hook\n    yield\n  File \"/home/runner/work/mysql-k8s-bundle/mysql-k8s-bundle/.tox/integration/lib/python3.12/site-packages/pluggy/_callers.py\", line 167, in _multicall\n    teardown.throw(outcome._exception)\n  File \"/home/runner/work/mysql-k8s-bundle/mysql-k8s-bundle/.tox/integration/lib/python3.12/site-packages/_pytest/unraisableexception.py\", line 95, in pytest_runtest_call\n    yield from unraisable_exception_runtest_hook()\n  File \"/home/runner/work/mysql-k8s-bundle/mysql-k8s-bundle/.tox/integration/lib/python3.12/site-packages/_pytest/unraisableexception.py\", line 70, in unraisable_exception_runtest_hook\n    yield\n  File \"/home/runner/work/mysql-k8s-bundle/mysql-k8s-bundle/.tox/integration/lib/python3.12/site-packages/pluggy/_callers.py\", line 167, in _multicall\n    teardown.throw(outcome._exception)\n  File \"/home/runner/work/mysql-k8s-bundle/mysql-k8s-bundle/.tox/integration/lib/python3.12/site-packages/_pytest/logging.py\", line 846, in pytest_runtest_call\n    yield from self._runtest_for(item, \"call\")\n  File \"/home/runner/work/mysql-k8s-bundle/mysql-k8s-bundle/.tox/integration/lib/python3.12/site-packages/_pytest/logging.py\", line 829, in _runtest_for\n    yield\n  File \"/home/runner/work/mysql-k8s-bundle/mysql-k8s-bundle/.tox/integration/lib/python3.12/site-packages/pluggy/_callers.py\", line 167, in _multicall\n    teardown.throw(outcome._exception)\n  File \"/home/runner/work/mysql-k8s-bundle/mysql-k8s-bundle/.tox/integration/lib/python3.12/site-packages/_pytest/capture.py\", line 880, in pytest_runtest_call\n    return (yield)\n            ^^^^^\n  File \"/home/runner/work/mysql-k8s-bundle/mysql-k8s-bundle/.tox/integration/lib/python3.12/site-packages/pluggy/_callers.py\", line 167, in _multicall\n    teardown.throw(outcome._exception)\n  File \"/home/runner/work/mysql-k8s-bundle/mysql-k8s-bundle/.tox/integration/lib/python3.12/site-packages/_pytest/skipping.py\", line 257, in pytest_runtest_call\n    return (yield)\n            ^^^^^\n  File \"/home/runner/work/mysql-k8s-bundle/mysql-k8s-bundle/.tox/integration/lib/python3.12/site-packages/pluggy/_callers.py\", line 103, in _multicall\n    res = hook_impl.function(*args)\n          ^^^^^^^^^^^^^^^^^^^^^^^^^\n  File \"/home/runner/work/mysql-k8s-bundle/mysql-k8s-bundle/.tox/integration/lib/python3.12/site-packages/_pytest/runner.py\", line 174, in pytest_runtest_call\n    item.runtest()\n  File \"/home/runner/work/mysql-k8s-bundle/mysql-k8s-bundle/.tox/integration/lib/python3.12/site-packages/_pytest/python.py\", line 1627, in runtest\n    self.ihook.pytest_pyfunc_call(pyfuncitem=self)\n  File \"/home/runner/work/mysql-k8s-bundle/mysql-k8s-bundle/.tox/integration/lib/python3.12/site-packages/pluggy/_hooks.py\", line 513, in __call__\n    return self._hookexec(self.name, self._hookimpls.copy(), kwargs, firstresult)\n           ^^^^^^^^^^^^^^^^^^^^^^^^^^^^^^^^^^^^^^^^^^^^^^^^^^^^^^^^^^^^^^^^^^^^^^\n  File \"/home/runner/work/mysql-k8s-bundle/mysql-k8s-bundle/.tox/integration/lib/python3.12/site-packages/pluggy/_manager.py\", line 120, in _hookexec\n    return self._inner_hookexec(hook_name, methods, kwargs, firstresult)\n           ^^^^^^^^^^^^^^^^^^^^^^^^^^^^^^^^^^^^^^^^^^^^^^^^^^^^^^^^^^^^^\n  File \"/home/runner/work/mysql-k8s-bundle/mysql-k8s-bundle/.tox/integration/lib/python3.12/site-packages/pluggy/_callers.py\", line 182, in _multicall\n    return outcome.get_result()\n           ^^^^^^^^^^^^^^^^^^^^\n  File \"/home/runner/work/mysql-k8s-bundle/mysql-k8s-bundle/.tox/integration/lib/python3.12/site-packages/pluggy/_result.py\", line 100, in get_result\n    raise exc.with_traceback(exc.__traceback__)\n  File \"/home/runner/work/mysql-k8s-bundle/mysql-k8s-bundle/.tox/integration/lib/python3.12/site-packages/pluggy/_callers.py\", line 103, in _multicall\n    res = hook_impl.function(*args)\n          ^^^^^^^^^^^^^^^^^^^^^^^^^\n  File \"/home/runner/work/mysql-k8s-bundle/mysql-k8s-bundle/.tox/integration/lib/python3.12/site-packages/_pytest/python.py\", line 159, in pytest_pyfunc_call\n    result = testfunction(**testargs)\n             ^^^^^^^^^^^^^^^^^^^^^^^^\n  File \"/home/runner/work/mysql-k8s-bundle/mysql-k8s-bundle/.tox/integration/lib/python3.12/site-packages/pytest_asyncio/plugin.py\", line 529, in inner\n    _loop.run_until_complete(task)\n  File \"/usr/lib/python3.12/asyncio/base_events.py\", line 687, in run_until_complete\n    return future.result()\n           ^^^^^^^^^^^^^^^\n  File \"/home/runner/work/mysql-k8s-bundle/mysql-k8s-bundle/tests/integration/test_smoke.py\", line 66, in test_smoke\n    await ops_test.model.deploy(\"./releases/latest/mysql-k8s-bundle.yaml\", trust=True)\n  File \"/home/runner/work/mysql-k8s-bundle/mysql-k8s-bundle/.tox/integration/lib/python3.12/site-packages/juju/model.py\", line 1764, in deploy\n    await handler.execute_plan()\n  File \"/home/runner/work/mysql-k8s-bundle/mysql-k8s-bundle/.tox/integration/lib/python3.12/site-packages/juju/bundle.py\", line 408, in execute_plan\n    await self._resolve_charms()\n  File \"/home/runner/work/mysql-k8s-bundle/mysql-k8s-bundle/.tox/integration/lib/python3.12/site-packages/juju/bundle.py\", line 394, in _resolve_charms\n    charm_url, charm_origin = await self.model._resolve_charm(charm_url, origin)\n                              ^^^^^^^^^^^^^^^^^^^^^^^^^^^^^^^^^^^^^^^^^^^^^^^^^^\n  File \"/home/runner/work/mysql-k8s-bundle/mysql-k8s-bundle/.tox/integration/lib/python3.12/site-packages/juju/model.py\", line 1919, in _resolve_charm\n    raise JujuError(f'resolving {url} : {result.error.message}')\njuju.errors.JujuError: resolving ch:grafana-agent-k8s : selecting releases: charm or bundle not found for channel \"latest/edge\", base \"amd64\"\navailable releases are:\n  channel \"1/stable\": available bases are: ubuntu@22.04\n  channel \"1/candidate\": available bases are: ubuntu@22.04\n  channel \"1/beta\": available bases are: ubuntu@22.04\n  channel \"1/edge\": available bases are: ubuntu@22.04\n  channel \"2/edge\": available bases are: ubuntu@24.04","steps":[],"attachments":[{"uid":"4b6135ff6c12ce24","name":"log","source":"4b6135ff6c12ce24.txt","type":"text/plain","size":586}],"parameters":[],"shouldDisplayMessage":true,"stepsCount":0,"attachmentsCount":1,"hasContent":true,"attachmentStep":false},"afterStages":[{"name":"abort_on_fail::0","time":{"start":1750901209746,"stop":1750901209746,"duration":0},"status":"passed","steps":[],"attachments":[],"parameters":[],"shouldDisplayMessage":false,"stepsCount":0,"attachmentsCount":0,"hasContent":false,"attachmentStep":false},{"name":"ops_test::finalizer","time":{"start":1750901209747,"stop":1750901210062,"duration":315},"status":"passed","steps":[],"attachments":[],"parameters":[],"shouldDisplayMessage":false,"stepsCount":0,"attachmentsCount":0,"hasContent":false,"attachmentStep":false},{"name":"event_loop::2","time":{"start":1750901210062,"stop":1750901210062,"duration":0},"status":"passed","steps":[],"attachments":[],"parameters":[],"shouldDisplayMessage":false,"stepsCount":0,"attachmentsCount":0,"hasContent":false,"attachmentStep":false},{"name":"event_loop::_close_event_loop","time":{"start":1750901210062,"stop":1750901210062,"duration":0},"status":"passed","steps":[],"attachments":[],"parameters":[],"shouldDisplayMessage":false,"stepsCount":0,"attachmentsCount":0,"hasContent":false,"attachmentStep":false},{"name":"event_loop::_provide_clean_event_loop","time":{"start":1750901210062,"stop":1750901210063,"duration":1},"status":"passed","steps":[],"attachments":[],"parameters":[],"shouldDisplayMessage":false,"stepsCount":0,"attachmentsCount":0,"hasContent":false,"attachmentStep":false}],"labels":[{"name":"tag","value":"group(1)"},{"name":"tag","value":"abort_on_fail"},{"name":"tag","value":"asyncio"},{"name":"parentSuite","value":"tests.integration"},{"name":"suite","value":"test_smoke"},{"name":"host","value":"pkrvmxyh4eaekms"},{"name":"thread","value":"16512-MainThread"},{"name":"framework","value":"pytest"},{"name":"language","value":"cpython3"},{"name":"package","value":"tests.integration.test_smoke"},{"name":"resultFormat","value":"allure2"}],"parameters":[],"links":[],"hidden":false,"retry":false,"extra":{"severity":"normal","retries":[{"uid":"cded21d865305523","status":"unknown","time":{}}],"categories":[{"name":"Test defects","matchedStatuses":[]}],"history":{"statistic":{"failed":34,"broken":120,"skipped":0,"passed":164,"unknown":8,"total":326},"items":[{"uid":"a5f01accb8ab02a4","reportUrl":"../1917//#testresult/a5f01accb8ab02a4","status":"broken","statusDetails":"juju.errors.JujuError: resolving ch:grafana-agent-k8s : selecting releases: charm or bundle not found for channel \"latest/edge\", base \"amd64\"\navailable releases are:\n  channel \"2/edge\": available bases are: ubuntu@24.04\n  channel \"1/stable\": available bases are: ubuntu@22.04\n  channel \"1/candidate\": available bases are: ubuntu@22.04\n  channel \"1/beta\": available bases are: ubuntu@22.04\n  channel \"1/edge\": available bases are: ubuntu@22.04","time":{"start":1750814800985,"stop":1750814804649,"duration":3664}},{"uid":"5219addf36251ef4","reportUrl":"../1915//#testresult/5219addf36251ef4","status":"broken","statusDetails":"juju.errors.JujuError: resolving ch:grafana-agent-k8s : selecting releases: charm or bundle not found for channel \"latest/edge\", base \"amd64\"\navailable releases are:\n  channel \"1/edge\": available bases are: ubuntu@22.04\n  channel \"2/edge\": available bases are: ubuntu@24.04\n  channel \"1/stable\": available bases are: ubuntu@22.04\n  channel \"1/candidate\": available bases are: ubuntu@22.04\n  channel \"1/beta\": available bases are: ubuntu@22.04","time":{"start":1750728330124,"stop":1750728330617,"duration":493}},{"uid":"2b706a920b6dd6e2","reportUrl":"../1914//#testresult/2b706a920b6dd6e2","status":"unknown","time":{}},{"uid":"f632e44f40be6a89","reportUrl":"../1913//#testresult/f632e44f40be6a89","status":"broken","statusDetails":"juju.errors.JujuError: resolving ch:grafana-agent-k8s : selecting releases: charm or bundle not found for channel \"latest/edge\", base \"amd64\"\navailable releases are:\n  channel \"1/beta\": available bases are: ubuntu@22.04\n  channel \"1/edge\": available bases are: ubuntu@22.04\n  channel \"2/edge\": available bases are: ubuntu@24.04\n  channel \"1/stable\": available bases are: ubuntu@22.04\n  channel \"1/candidate\": available bases are: ubuntu@22.04","time":{"start":1750555624110,"stop":1750555625002,"duration":892}},{"uid":"c212c37110dfec9c","reportUrl":"../1912//#testresult/c212c37110dfec9c","status":"broken","statusDetails":"juju.errors.JujuError: resolving ch:grafana-agent-k8s : selecting releases: charm or bundle not found for channel \"latest/edge\", base \"amd64\"\navailable releases are:\n  channel \"2/edge\": available bases are: ubuntu@24.04\n  channel \"1/stable\": available bases are: ubuntu@22.04\n  channel \"1/candidate\": available bases are: ubuntu@22.04\n  channel \"1/beta\": available bases are: ubuntu@22.04\n  channel \"1/edge\": available bases are: ubuntu@22.04","time":{"start":1750469165283,"stop":1750469167028,"duration":1745}},{"uid":"d0f71dde8b00d7b0","reportUrl":"../1910//#testresult/d0f71dde8b00d7b0","status":"broken","statusDetails":"TimeoutError","time":{"start":1750382731115,"stop":1750383947288,"duration":1216173}},{"uid":"b999202769fb0dce","reportUrl":"../1908//#testresult/b999202769fb0dce","status":"broken","statusDetails":"TimeoutError","time":{"start":1750296332114,"stop":1750297551824,"duration":1219710}},{"uid":"f1e380b6cdc8d7f9","reportUrl":"../1906//#testresult/f1e380b6cdc8d7f9","status":"broken","statusDetails":"TimeoutError","time":{"start":1750209937681,"stop":1750211154418,"duration":1216737}},{"uid":"c5891818995442d8","reportUrl":"../1903//#testresult/c5891818995442d8","status":"broken","statusDetails":"TimeoutError","time":{"start":1750123575674,"stop":1750124789306,"duration":1213632}},{"uid":"cac1eed785127755","reportUrl":"../1901//#testresult/cac1eed785127755","status":"broken","statusDetails":"TimeoutError","time":{"start":1750037195340,"stop":1750038409942,"duration":1214602}},{"uid":"440a2464bb82ca31","reportUrl":"../1899//#testresult/440a2464bb82ca31","status":"broken","statusDetails":"TimeoutError","time":{"start":1749950816468,"stop":1749952030241,"duration":1213773}},{"uid":"9f600be0f9638503","reportUrl":"../1897//#testresult/9f600be0f9638503","status":"broken","statusDetails":"TimeoutError","time":{"start":1749864403671,"stop":1749865617303,"duration":1213632}},{"uid":"1efb82c56729d2ab","reportUrl":"../1895//#testresult/1efb82c56729d2ab","status":"broken","statusDetails":"TimeoutError","time":{"start":1749777983075,"stop":1749779197015,"duration":1213940}},{"uid":"aba3ca202d9e6967","reportUrl":"../1893//#testresult/aba3ca202d9e6967","status":"broken","statusDetails":"TimeoutError","time":{"start":1749691579616,"stop":1749692793637,"duration":1214021}},{"uid":"7a15a10bfc7150ca","reportUrl":"../1891//#testresult/7a15a10bfc7150ca","status":"unknown","time":{}},{"uid":"ac5cb7fa1ce5ae9c","reportUrl":"../1888//#testresult/ac5cb7fa1ce5ae9c","status":"broken","statusDetails":"TimeoutError","time":{"start":1749518805001,"stop":1749520021822,"duration":1216821}},{"uid":"bafcce97d4e8ddff","reportUrl":"../1886//#testresult/bafcce97d4e8ddff","status":"broken","statusDetails":"TimeoutError","time":{"start":1749432414655,"stop":1749433628102,"duration":1213447}},{"uid":"1562b35cf818ab2c","reportUrl":"../1884//#testresult/1562b35cf818ab2c","status":"broken","statusDetails":"TimeoutError","time":{"start":1749345943544,"stop":1749347158303,"duration":1214759}},{"uid":"63d8e6bec7ad52d9","reportUrl":"../1882//#testresult/63d8e6bec7ad52d9","status":"broken","statusDetails":"TimeoutError","time":{"start":1749259595577,"stop":1749260811641,"duration":1216064}},{"uid":"33368f88bc46fe0b","reportUrl":"../1880//#testresult/33368f88bc46fe0b","status":"broken","statusDetails":"TimeoutError","time":{"start":1749173164051,"stop":1749174379431,"duration":1215380}}]},"tags":["asyncio","abort_on_fail","group(1)"]},"source":"a5a2345b207d5896.json","parameterValues":[]}