[32mINFO    [0m pytest_operator.plugin:plugin.py:766 Connecting to existing model microk8s-localhost:test on unspecified cloud
[32mINFO    [0m integration.test_smoke:test_smoke.py:65 Deploying bundle
[32mINFO    [0m juju.bundle:bundle.py:416 Applying change: upload charm data-integrator from channel latest/edge
[32mINFO    [0m juju.bundle:bundle.py:416 Applying change: upload charm mysql-router-k8s from channel 8.0/edge
[32mINFO    [0m juju.bundle:bundle.py:416 Applying change: upload charm mysql-test-app from channel latest/edge
[32mINFO    [0m juju.bundle:bundle.py:416 Applying change: upload charm s3-integrator from channel latest/edge
[32mINFO    [0m juju.bundle:bundle.py:416 Applying change: upload charm self-signed-certificates from channel latest/edge
[32mINFO    [0m juju.bundle:bundle.py:416 Applying change: upload charm sysbench from channel latest/edge
[32mINFO    [0m juju.bundle:bundle.py:416 Applying change: upload charm grafana-agent-k8s from channel latest/edge
[32mINFO    [0m juju.bundle:bundle.py:416 Applying change: upload charm mysql-k8s from channel 8.0/edge
[32mINFO    [0m juju.bundle:bundle.py:416 Applying change: deploy application data-integrator with 1 unit using $addCharm-0
[32mINFO    [0m juju.model:model.py:2098 Deploying ch:amd64/jammy/data-integrator-113
[32mINFO    [0m juju.bundle:bundle.py:416 Applying change: deploy application mysql-router-k8s with 1 unit using $addCharm-11
[32mINFO    [0m juju.model:model.py:2098 Deploying ch:amd64/jammy/mysql-router-k8s-627
[32mINFO    [0m juju.bundle:bundle.py:416 Applying change: deploy application mysql-test-app using $addCharm-14
[32mINFO    [0m juju.model:model.py:2098 Deploying ch:amd64/focal/mysql-test-app-74
[32mINFO    [0m juju.bundle:bundle.py:416 Applying change: deploy application s3-integrator with 1 unit using $addCharm-17
[32mINFO    [0m juju.model:model.py:2098 Deploying ch:amd64/jammy/s3-integrator-145
[32mINFO    [0m juju.bundle:bundle.py:416 Applying change: deploy application self-signed-certificates with 1 unit using $addCharm-20
[32mINFO    [0m juju.model:model.py:2098 Deploying ch:amd64/jammy/self-signed-certificates-266
[32mINFO    [0m juju.bundle:bundle.py:416 Applying change: deploy application sysbench with 1 unit using $addCharm-23
[32mINFO    [0m juju.model:model.py:2098 Deploying ch:amd64/jammy/sysbench-171
[32mINFO    [0m juju.bundle:bundle.py:416 Applying change: deploy application grafana-agent-k8s with 1 unit using $addCharm-3
[32mINFO    [0m juju.model:model.py:2098 Deploying ch:amd64/jammy/grafana-agent-k8s-116
[32mINFO    [0m juju.bundle:bundle.py:416 Applying change: deploy application mysql-k8s with 3 units using $addCharm-6
[32mINFO    [0m juju.model:model.py:2098 Deploying ch:amd64/jammy/mysql-k8s-249
[32mINFO    [0m juju.bundle:bundle.py:416 Applying change: deploy application mysql-router-data-integrator with 1 unit using $addCharm-0
[32mINFO    [0m juju.model:model.py:2098 Deploying ch:amd64/jammy/data-integrator-113
[32mINFO    [0m juju.bundle:bundle.py:416 Applying change: add relation $deploy-7:database - $deploy-12:backend-database
[32mINFO    [0m juju.bundle:bundle.py:865 Relating mysql-k8s:database <-> mysql-router-k8s:backend-database
[33mWARNING [0m juju.model:model.py:1564 relate is deprecated and will be removed. Use integrate instead.
[32mINFO    [0m juju.bundle:bundle.py:416 Applying change: add relation $deploy-7:certificates - $deploy-21:certificates
[32mINFO    [0m juju.bundle:bundle.py:865 Relating mysql-k8s:certificates <-> self-signed-certificates:certificates
[33mWARNING [0m juju.model:model.py:1564 relate is deprecated and will be removed. Use integrate instead.
[32mINFO    [0m juju.bundle:bundle.py:416 Applying change: add relation $deploy-12:certificates - $deploy-21:certificates
[32mINFO    [0m juju.bundle:bundle.py:865 Relating mysql-router-k8s:certificates <-> self-signed-certificates:certificates
[33mWARNING [0m juju.model:model.py:1564 relate is deprecated and will be removed. Use integrate instead.
[32mINFO    [0m juju.bundle:bundle.py:416 Applying change: add relation $deploy-7:s3-parameters - $deploy-18:s3-credentials
[32mINFO    [0m juju.bundle:bundle.py:865 Relating mysql-k8s:s3-parameters <-> s3-integrator:s3-credentials
[33mWARNING [0m juju.model:model.py:1564 relate is deprecated and will be removed. Use integrate instead.
[32mINFO    [0m juju.bundle:bundle.py:416 Applying change: add relation $deploy-7:database - $deploy-1:mysql
[32mINFO    [0m juju.bundle:bundle.py:865 Relating mysql-k8s:database <-> data-integrator:mysql
[33mWARNING [0m juju.model:model.py:1564 relate is deprecated and will be removed. Use integrate instead.
[32mINFO    [0m juju.bundle:bundle.py:416 Applying change: add relation $deploy-7:database - $deploy-24:mysql
[32mINFO    [0m juju.bundle:bundle.py:865 Relating mysql-k8s:database <-> sysbench:mysql
[33mWARNING [0m juju.model:model.py:1564 relate is deprecated and will be removed. Use integrate instead.
[32mINFO    [0m juju.bundle:bundle.py:416 Applying change: add relation $deploy-7:grafana-dashboard - $deploy-4:grafana-dashboards-consumer
[32mINFO    [0m juju.bundle:bundle.py:865 Relating mysql-k8s:grafana-dashboard <-> grafana-agent-k8s:grafana-dashboards-consumer
[33mWARNING [0m juju.model:model.py:1564 relate is deprecated and will be removed. Use integrate instead.
[32mINFO    [0m juju.bundle:bundle.py:416 Applying change: add relation $deploy-7:metrics-endpoint - $deploy-4:metrics-endpoint
[32mINFO    [0m juju.bundle:bundle.py:865 Relating mysql-k8s:metrics-endpoint <-> grafana-agent-k8s:metrics-endpoint
[33mWARNING [0m juju.model:model.py:1564 relate is deprecated and will be removed. Use integrate instead.
[32mINFO    [0m juju.bundle:bundle.py:416 Applying change: add relation $deploy-7:logging - $deploy-4:logging-provider
[32mINFO    [0m juju.bundle:bundle.py:865 Relating mysql-k8s:logging <-> grafana-agent-k8s:logging-provider
[33mWARNING [0m juju.model:model.py:1564 relate is deprecated and will be removed. Use integrate instead.
[32mINFO    [0m juju.bundle:bundle.py:416 Applying change: add relation $deploy-12:database - $deploy-9:mysql
[32mINFO    [0m juju.bundle:bundle.py:865 Relating mysql-router-k8s:database <-> mysql-router-data-integrator:mysql
[33mWARNING [0m juju.model:model.py:1564 relate is deprecated and will be removed. Use integrate instead.
[32mINFO    [0m juju.bundle:bundle.py:416 Applying change: add relation $deploy-12:grafana-dashboard - $deploy-4:grafana-dashboards-consumer
[32mINFO    [0m juju.bundle:bundle.py:865 Relating mysql-router-k8s:grafana-dashboard <-> grafana-agent-k8s:grafana-dashboards-consumer
[33mWARNING [0m juju.model:model.py:1564 relate is deprecated and will be removed. Use integrate instead.
[32mINFO    [0m juju.bundle:bundle.py:416 Applying change: add relation $deploy-12:metrics-endpoint - $deploy-4:metrics-endpoint
[32mINFO    [0m juju.bundle:bundle.py:865 Relating mysql-router-k8s:metrics-endpoint <-> grafana-agent-k8s:metrics-endpoint
[33mWARNING [0m juju.model:model.py:1564 relate is deprecated and will be removed. Use integrate instead.
[32mINFO    [0m juju.bundle:bundle.py:416 Applying change: add relation $deploy-12:logging - $deploy-4:logging-provider
[32mINFO    [0m juju.bundle:bundle.py:865 Relating mysql-router-k8s:logging <-> grafana-agent-k8s:logging-provider
[33mWARNING [0m juju.model:model.py:1564 relate is deprecated and will be removed. Use integrate instead.
[32mINFO    [0m juju.bundle:bundle.py:416 Applying change: set annotations for $deploy-9
[32mINFO    [0m juju.bundle:bundle.py:416 Applying change: set annotations for $deploy-12
[32mINFO    [0m juju.bundle:bundle.py:416 Applying change: set annotations for $deploy-15
[32mINFO    [0m juju.bundle:bundle.py:416 Applying change: set annotations for $deploy-18
[32mINFO    [0m juju.bundle:bundle.py:416 Applying change: set annotations for $deploy-1
[32mINFO    [0m juju.bundle:bundle.py:416 Applying change: set annotations for $deploy-21
[32mINFO    [0m juju.bundle:bundle.py:416 Applying change: set annotations for $deploy-24
[32mINFO    [0m juju.bundle:bundle.py:416 Applying change: set annotations for $deploy-4
[32mINFO    [0m juju.bundle:bundle.py:416 Applying change: set annotations for $deploy-7
[32mINFO    [0m integration.test_smoke:test_smoke.py:39 Waiting for active: mysql-k8s, self-signed-certificates, sysbench
[32mINFO    [0m integration.test_smoke:test_smoke.py:45 Waiting for blocked: data-integrator, grafana-agent-k8s, mysql-router-data-integrator, s3-integrator
[32mINFO    [0m integration.test_smoke:test_smoke.py:52 Waiting for waiting: mysql-router-k8s
[32mINFO    [0m integration.test_smoke:test_smoke.py:70 Configuring s3-integrator credentials
[32mINFO    [0m integration.test_smoke:test_smoke.py:39 Waiting for active: mysql-k8s, self-signed-certificates, sysbench, s3-integrator
[32mINFO    [0m integration.test_smoke:test_smoke.py:45 Waiting for blocked: data-integrator, grafana-agent-k8s, mysql-router-data-integrator
[32mINFO    [0m integration.test_smoke:test_smoke.py:52 Waiting for waiting: mysql-router-k8s
[32mINFO    [0m integration.test_smoke:test_smoke.py:84 Configuring data-integrator
[32mINFO    [0m integration.test_smoke:test_smoke.py:39 Waiting for active: mysql-k8s, self-signed-certificates, sysbench, s3-integrator, data-integrator
[32mINFO    [0m integration.test_smoke:test_smoke.py:45 Waiting for blocked: grafana-agent-k8s, mysql-router-data-integrator
[32mINFO    [0m integration.test_smoke:test_smoke.py:52 Waiting for waiting: mysql-router-k8s
[32mINFO    [0m integration.test_smoke:test_smoke.py:93 Confirming data-integrator's database exists
[32mINFO    [0m mysql.connector:authentication.py:66 package: mysql.connector.plugins
[32mINFO    [0m mysql.connector:authentication.py:67 plugin_name: caching_sha2_password
[32mINFO    [0m mysql.connector:authentication.py:71 AUTHENTICATION_PLUGIN_CLASS: MySQLCachingSHA2PasswordAuthPlugin
[32mINFO    [0m integration.test_smoke:test_smoke.py:110 Configuring mysql-router-data-integrator
[32mINFO    [0m integration.test_smoke:test_smoke.py:39 Waiting for active: mysql-k8s, self-signed-certificates, sysbench, s3-integrator, data-integrator, mysql-router-data-integrator, mysql-router-k8s
[32mINFO    [0m integration.test_smoke:test_smoke.py:45 Waiting for blocked: grafana-agent-k8s
[32mINFO    [0m integration.test_smoke:test_smoke.py:122 Confirming data-integrator's database exists
[32mINFO    [0m integration.test_smoke:test_smoke.py:128 Adding mysql-test-app unit
[33mWARNING [0m juju.application:application.py:150 adding units to a container-based model not supported, auto-switching to scale
[32mINFO    [0m integration.test_smoke:test_smoke.py:39 Waiting for active: mysql-k8s, self-signed-certificates, sysbench, s3-integrator, data-integrator, mysql-router-data-integrator, mysql-router-k8s
[32mINFO    [0m integration.test_smoke:test_smoke.py:45 Waiting for blocked: grafana-agent-k8s
[32mINFO    [0m integration.test_smoke:test_smoke.py:52 Waiting for waiting: mysql-test-app
[32mINFO    [0m pytest_operator.plugin:plugin.py:903 Model status:

Model  Controller          Cloud/Region        Version  SLA          Timestamp
test   microk8s-localhost  microk8s/localhost  3.5.4    unsupported  01:31:51Z

App                           Version                  Status   Scale  Charm                     Channel      Rev  Address         Exposed  Message
data-integrator                                        active       1  data-integrator           latest/edge  113  10.152.183.179  no       
grafana-agent-k8s             0.40.4                   blocked      1  grafana-agent-k8s         latest/edge  116  10.152.183.135  no       Missing ['grafana-cloud-config']|['grafana-dashboards-provider'] for grafana-dashboards-consumer; ['grafana-cloud-con...
mysql-k8s                     8.0.41-0ubuntu0.22.04.1  waiting      3  mysql-k8s                 8.0/edge     249  10.152.183.234  no       installing agent
mysql-router-data-integrator                           waiting      1  data-integrator           latest/edge  113  10.152.183.134  no       installing agent
mysql-router-k8s              8.0.41-0ubuntu0.22.04.1  active       1  mysql-router-k8s          8.0/edge     627  10.152.183.185  no       
mysql-test-app                                         waiting    0/1  mysql-test-app            latest/edge   74  10.152.183.233  no       installing agent
s3-integrator                                          active       1  s3-integrator             latest/edge  145  10.152.183.232  no       
self-signed-certificates                               active       1  self-signed-certificates  latest/edge  266  10.152.183.215  no       
sysbench                                               active       1  sysbench                  latest/edge  171  10.152.183.250  no       

Unit                             Workload     Agent       Address      Ports  Message
data-integrator/0*               active       idle        10.1.249.8          
grafana-agent-k8s/0*             blocked      idle        10.1.249.18         Missing ['grafana-cloud-config']|['grafana-dashboards-provider'] for grafana-dashboards-consumer; ['grafana-cloud-con...
mysql-k8s/0*                     active       executing   10.1.249.19         Primary
mysql-k8s/1                      active       executing   10.1.249.21         
mysql-k8s/2                      maintenance  executing   10.1.249.20         joining the cluster
mysql-router-data-integrator/0*  active       idle        10.1.249.13         
mysql-router-k8s/0*              active       executing   10.1.249.10         
mysql-test-app/0                 waiting      allocating                      installing agent
s3-integrator/0*                 active       idle        10.1.249.9          
self-signed-certificates/0*      active       idle        10.1.249.11         
sysbench/0*                      active       idle        10.1.249.12         

[32mINFO    [0m pytest_operator.plugin:plugin.py:909 Juju error logs:

unit-mysql-k8s-0: 01:30:44 ERROR unit.mysql-k8s/0.juju-log Missing S3 parameters: ['bucket', 'access-key', 'secret-key']
unit-mysql-k8s-2: 01:31:36 ERROR unit.mysql-k8s/2.juju-log database-peers:10: get_unit_address: unit DNS domain name is not fully propagated yet, trying again
unit-mysql-k8s-0: 01:31:37 ERROR unit.mysql-k8s/0.juju-log s3-parameters:15: Failed to read content from S3 bucket=relation-15, path=group_replication_id.txt
Traceback (most recent call last):
  File "/var/lib/juju/agents/unit-mysql-k8s-0/charm/lib/charms/mysql/v0/s3_helpers.py", line 155, in _read_content_from_s3
    bucket.download_fileobj(content_path, buf)
  File "/var/lib/juju/agents/unit-mysql-k8s-0/charm/venv/lib/python3.10/site-packages/boto3/s3/inject.py", line 843, in bucket_download_fileobj
    return self.meta.client.download_fileobj(
  File "/var/lib/juju/agents/unit-mysql-k8s-0/charm/venv/lib/python3.10/site-packages/boto3/s3/inject.py", line 801, in download_fileobj
    return future.result()
  File "/var/lib/juju/agents/unit-mysql-k8s-0/charm/venv/lib/python3.10/site-packages/s3transfer/futures.py", line 103, in result
    return self._coordinator.result()
  File "/var/lib/juju/agents/unit-mysql-k8s-0/charm/venv/lib/python3.10/site-packages/s3transfer/futures.py", line 266, in result
    raise self._exception
  File "/var/lib/juju/agents/unit-mysql-k8s-0/charm/venv/lib/python3.10/site-packages/s3transfer/tasks.py", line 269, in _main
    self._submit(transfer_future=transfer_future, **kwargs)
  File "/var/lib/juju/agents/unit-mysql-k8s-0/charm/venv/lib/python3.10/site-packages/s3transfer/download.py", line 354, in _submit
    response = client.head_object(
  File "/var/lib/juju/agents/unit-mysql-k8s-0/charm/venv/lib/python3.10/site-packages/botocore/client.py", line 565, in _api_call
    return self._make_api_call(operation_name, kwargs)
  File "/var/lib/juju/agents/unit-mysql-k8s-0/charm/venv/lib/python3.10/site-packages/botocore/client.py", line 1021, in _make_api_call
    raise error_class(parsed_response, operation_name)
botocore.exceptions.ClientError: An error occurred (403) when calling the HeadObject operation: Forbidden
unit-mysql-k8s-0: 01:31:38 ERROR unit.mysql-k8s/0.juju-log s3-parameters:15: Failed to upload content to S3 bucket=relation-15, path=group_replication_id.txt
Traceback (most recent call last):
  File "/var/lib/juju/agents/unit-mysql-k8s-0/charm/venv/lib/python3.10/site-packages/boto3/s3/transfer.py", line 371, in upload_file
    future.result()
  File "/var/lib/juju/agents/unit-mysql-k8s-0/charm/venv/lib/python3.10/site-packages/s3transfer/futures.py", line 103, in result
    return self._coordinator.result()
  File "/var/lib/juju/agents/unit-mysql-k8s-0/charm/venv/lib/python3.10/site-packages/s3transfer/futures.py", line 266, in result
    raise self._exception
  File "/var/lib/juju/agents/unit-mysql-k8s-0/charm/venv/lib/python3.10/site-packages/s3transfer/tasks.py", line 139, in __call__
    return self._execute_main(kwargs)
  File "/var/lib/juju/agents/unit-mysql-k8s-0/charm/venv/lib/python3.10/site-packages/s3transfer/tasks.py", line 162, in _execute_main
    return_value = self._main(**kwargs)
  File "/var/lib/juju/agents/unit-mysql-k8s-0/charm/venv/lib/python3.10/site-packages/s3transfer/upload.py", line 764, in _main
    client.put_object(Bucket=bucket, Key=key, Body=body, **extra_args)
  File "/var/lib/juju/agents/unit-mysql-k8s-0/charm/venv/lib/python3.10/site-packages/botocore/client.py", line 565, in _api_call
    return self._make_api_call(operation_name, kwargs)
  File "/var/lib/juju/agents/unit-mysql-k8s-0/charm/venv/lib/python3.10/site-packages/botocore/client.py", line 1021, in _make_api_call
    raise error_class(parsed_response, operation_name)
botocore.exceptions.ClientError: An error occurred (InvalidAccessKeyId) when calling the PutObject operation: The AWS Access Key Id you provided does not exist in our records.

During handling of the above exception, another exception occurred:

Traceback (most recent call last):
  File "/var/lib/juju/agents/unit-mysql-k8s-0/charm/lib/charms/mysql/v0/s3_helpers.py", line 125, in upload_content_to_s3
    bucket.upload_file(temp_file.name, content_path)
  File "/var/lib/juju/agents/unit-mysql-k8s-0/charm/venv/lib/python3.10/site-packages/boto3/s3/inject.py", line 235, in bucket_upload_file
    return self.meta.client.upload_file(
  File "/var/lib/juju/agents/unit-mysql-k8s-0/charm/venv/lib/python3.10/site-packages/boto3/s3/inject.py", line 145, in upload_file
    return transfer.upload_file(
  File "/var/lib/juju/agents/unit-mysql-k8s-0/charm/venv/lib/python3.10/site-packages/boto3/s3/transfer.py", line 377, in upload_file
    raise S3UploadFailedError(
boto3.exceptions.S3UploadFailedError: Failed to upload /tmp/tmpzftemgpx to relation-15/group_replication_id.txt: An error occurred (InvalidAccessKeyId) when calling the PutObject operation: The AWS Access Key Id you provided does not exist in our records.
unit-mysql-k8s-2: 01:31:38 ERROR unit.mysql-k8s/2.juju-log database-peers:10: get_unit_address: unit DNS domain name is not fully propagated yet, trying again
unit-mysql-k8s-2: 01:31:40 ERROR unit.mysql-k8s/2.juju-log database-peers:10: get_unit_address: unit DNS domain name is not fully propagated yet, trying again
unit-mysql-k8s-1: 01:31:49 ERROR unit.mysql-k8s/1.juju-log upgrade:9: get_unit_address: unit DNS domain name is not fully propagated yet, trying again
unit-mysql-k8s-1: 01:31:51 ERROR unit.mysql-k8s/1.juju-log upgrade:9: get_unit_address: unit DNS domain name is not fully propagated yet, trying again

[32mINFO    [0m pytest_operator.plugin:plugin.py:991 Forgetting model main...