{"uid":"e7dc1acbb6b3bef6","name":"test_smoke","fullName":"tests.integration.test_bundle#test_smoke","historyId":"8365ae005fe2fc7d93728a931ef3d460","time":{"start":1761960484418,"stop":1761961947011,"duration":1462593},"description":"Deploy bundle with apps and test various component integrations.","descriptionHtml":"<p>Deploy bundle with apps and test various component integrations.</p>\n","status":"broken","statusMessage":"TimeoutError","statusTrace":"Traceback (most recent call last):\n  File \"/usr/lib/python3.12/asyncio/tasks.py\", line 520, in wait_for\n    return await fut\n           ^^^^^^^^^\n  File \"/home/runner/work/mysql-k8s-bundle/mysql-k8s-bundle/.tox/integration/lib/python3.12/site-packages/juju/utils.py\", line 129, in _block\n    await jasyncio.sleep(wait_period)\n  File \"/usr/lib/python3.12/asyncio/tasks.py\", line 665, in sleep\n    return await future\n           ^^^^^^^^^^^^\nasyncio.exceptions.CancelledError\n\nThe above exception was the direct cause of the following exception:\n\nTraceback (most recent call last):\n  File \"/home/runner/work/mysql-k8s-bundle/mysql-k8s-bundle/.tox/integration/lib/python3.12/site-packages/_pytest/runner.py\", line 341, in from_call\n    result: TResult | None = func()\n                             ^^^^^^\n  File \"/home/runner/work/mysql-k8s-bundle/mysql-k8s-bundle/.tox/integration/lib/python3.12/site-packages/_pytest/runner.py\", line 242, in <lambda>\n    lambda: runtest_hook(item=item, **kwds), when=when, reraise=reraise\n            ^^^^^^^^^^^^^^^^^^^^^^^^^^^^^^^\n  File \"/home/runner/work/mysql-k8s-bundle/mysql-k8s-bundle/.tox/integration/lib/python3.12/site-packages/pluggy/_hooks.py\", line 513, in __call__\n    return self._hookexec(self.name, self._hookimpls.copy(), kwargs, firstresult)\n           ^^^^^^^^^^^^^^^^^^^^^^^^^^^^^^^^^^^^^^^^^^^^^^^^^^^^^^^^^^^^^^^^^^^^^^\n  File \"/home/runner/work/mysql-k8s-bundle/mysql-k8s-bundle/.tox/integration/lib/python3.12/site-packages/pluggy/_manager.py\", line 120, in _hookexec\n    return self._inner_hookexec(hook_name, methods, kwargs, firstresult)\n           ^^^^^^^^^^^^^^^^^^^^^^^^^^^^^^^^^^^^^^^^^^^^^^^^^^^^^^^^^^^^^\n  File \"/home/runner/work/mysql-k8s-bundle/mysql-k8s-bundle/.tox/integration/lib/python3.12/site-packages/pluggy/_callers.py\", line 182, in _multicall\n    return outcome.get_result()\n           ^^^^^^^^^^^^^^^^^^^^\n  File \"/home/runner/work/mysql-k8s-bundle/mysql-k8s-bundle/.tox/integration/lib/python3.12/site-packages/pluggy/_result.py\", line 100, in get_result\n    raise exc.with_traceback(exc.__traceback__)\n  File \"/home/runner/work/mysql-k8s-bundle/mysql-k8s-bundle/.tox/integration/lib/python3.12/site-packages/pluggy/_callers.py\", line 167, in _multicall\n    teardown.throw(outcome._exception)\n  File \"/home/runner/work/mysql-k8s-bundle/mysql-k8s-bundle/.tox/integration/lib/python3.12/site-packages/_pytest/threadexception.py\", line 92, in pytest_runtest_call\n    yield from thread_exception_runtest_hook()\n  File \"/home/runner/work/mysql-k8s-bundle/mysql-k8s-bundle/.tox/integration/lib/python3.12/site-packages/_pytest/threadexception.py\", line 68, in thread_exception_runtest_hook\n    yield\n  File \"/home/runner/work/mysql-k8s-bundle/mysql-k8s-bundle/.tox/integration/lib/python3.12/site-packages/pluggy/_callers.py\", line 167, in _multicall\n    teardown.throw(outcome._exception)\n  File \"/home/runner/work/mysql-k8s-bundle/mysql-k8s-bundle/.tox/integration/lib/python3.12/site-packages/_pytest/unraisableexception.py\", line 95, in pytest_runtest_call\n    yield from unraisable_exception_runtest_hook()\n  File \"/home/runner/work/mysql-k8s-bundle/mysql-k8s-bundle/.tox/integration/lib/python3.12/site-packages/_pytest/unraisableexception.py\", line 70, in unraisable_exception_runtest_hook\n    yield\n  File \"/home/runner/work/mysql-k8s-bundle/mysql-k8s-bundle/.tox/integration/lib/python3.12/site-packages/pluggy/_callers.py\", line 167, in _multicall\n    teardown.throw(outcome._exception)\n  File \"/home/runner/work/mysql-k8s-bundle/mysql-k8s-bundle/.tox/integration/lib/python3.12/site-packages/_pytest/logging.py\", line 846, in pytest_runtest_call\n    yield from self._runtest_for(item, \"call\")\n  File \"/home/runner/work/mysql-k8s-bundle/mysql-k8s-bundle/.tox/integration/lib/python3.12/site-packages/_pytest/logging.py\", line 829, in _runtest_for\n    yield\n  File \"/home/runner/work/mysql-k8s-bundle/mysql-k8s-bundle/.tox/integration/lib/python3.12/site-packages/pluggy/_callers.py\", line 167, in _multicall\n    teardown.throw(outcome._exception)\n  File \"/home/runner/work/mysql-k8s-bundle/mysql-k8s-bundle/.tox/integration/lib/python3.12/site-packages/_pytest/capture.py\", line 880, in pytest_runtest_call\n    return (yield)\n            ^^^^^\n  File \"/home/runner/work/mysql-k8s-bundle/mysql-k8s-bundle/.tox/integration/lib/python3.12/site-packages/pluggy/_callers.py\", line 167, in _multicall\n    teardown.throw(outcome._exception)\n  File \"/home/runner/work/mysql-k8s-bundle/mysql-k8s-bundle/.tox/integration/lib/python3.12/site-packages/_pytest/skipping.py\", line 257, in pytest_runtest_call\n    return (yield)\n            ^^^^^\n  File \"/home/runner/work/mysql-k8s-bundle/mysql-k8s-bundle/.tox/integration/lib/python3.12/site-packages/pluggy/_callers.py\", line 103, in _multicall\n    res = hook_impl.function(*args)\n          ^^^^^^^^^^^^^^^^^^^^^^^^^\n  File \"/home/runner/work/mysql-k8s-bundle/mysql-k8s-bundle/.tox/integration/lib/python3.12/site-packages/_pytest/runner.py\", line 174, in pytest_runtest_call\n    item.runtest()\n  File \"/home/runner/work/mysql-k8s-bundle/mysql-k8s-bundle/.tox/integration/lib/python3.12/site-packages/_pytest/python.py\", line 1627, in runtest\n    self.ihook.pytest_pyfunc_call(pyfuncitem=self)\n  File \"/home/runner/work/mysql-k8s-bundle/mysql-k8s-bundle/.tox/integration/lib/python3.12/site-packages/pluggy/_hooks.py\", line 513, in __call__\n    return self._hookexec(self.name, self._hookimpls.copy(), kwargs, firstresult)\n           ^^^^^^^^^^^^^^^^^^^^^^^^^^^^^^^^^^^^^^^^^^^^^^^^^^^^^^^^^^^^^^^^^^^^^^\n  File \"/home/runner/work/mysql-k8s-bundle/mysql-k8s-bundle/.tox/integration/lib/python3.12/site-packages/pluggy/_manager.py\", line 120, in _hookexec\n    return self._inner_hookexec(hook_name, methods, kwargs, firstresult)\n           ^^^^^^^^^^^^^^^^^^^^^^^^^^^^^^^^^^^^^^^^^^^^^^^^^^^^^^^^^^^^^\n  File \"/home/runner/work/mysql-k8s-bundle/mysql-k8s-bundle/.tox/integration/lib/python3.12/site-packages/pluggy/_callers.py\", line 182, in _multicall\n    return outcome.get_result()\n           ^^^^^^^^^^^^^^^^^^^^\n  File \"/home/runner/work/mysql-k8s-bundle/mysql-k8s-bundle/.tox/integration/lib/python3.12/site-packages/pluggy/_result.py\", line 100, in get_result\n    raise exc.with_traceback(exc.__traceback__)\n  File \"/home/runner/work/mysql-k8s-bundle/mysql-k8s-bundle/.tox/integration/lib/python3.12/site-packages/pluggy/_callers.py\", line 103, in _multicall\n    res = hook_impl.function(*args)\n          ^^^^^^^^^^^^^^^^^^^^^^^^^\n  File \"/home/runner/work/mysql-k8s-bundle/mysql-k8s-bundle/.tox/integration/lib/python3.12/site-packages/_pytest/python.py\", line 159, in pytest_pyfunc_call\n    result = testfunction(**testargs)\n             ^^^^^^^^^^^^^^^^^^^^^^^^\n  File \"/home/runner/work/mysql-k8s-bundle/mysql-k8s-bundle/.tox/integration/lib/python3.12/site-packages/pytest_asyncio/plugin.py\", line 529, in inner\n    _loop.run_until_complete(task)\n  File \"/usr/lib/python3.12/asyncio/base_events.py\", line 687, in run_until_complete\n    return future.result()\n           ^^^^^^^^^^^^^^^\n  File \"/home/runner/work/mysql-k8s-bundle/mysql-k8s-bundle/tests/integration/test_bundle.py\", line 95, in test_smoke\n    await ensure_statuses(ops_test)\n  File \"/home/runner/work/mysql-k8s-bundle/mysql-k8s-bundle/tests/integration/test_bundle.py\", line 45, in ensure_statuses\n    await ops_test.model.block_until(\n  File \"/home/runner/work/mysql-k8s-bundle/mysql-k8s-bundle/.tox/integration/lib/python3.12/site-packages/juju/model.py\", line 1046, in block_until\n    await utils.block_until(done,\n  File \"/home/runner/work/mysql-k8s-bundle/mysql-k8s-bundle/.tox/integration/lib/python3.12/site-packages/juju/utils.py\", line 130, in block_until\n    await jasyncio.shield(jasyncio.wait_for(_block(), timeout))\n  File \"/usr/lib/python3.12/asyncio/tasks.py\", line 519, in wait_for\n    async with timeouts.timeout(timeout):\n  File \"/usr/lib/python3.12/asyncio/timeouts.py\", line 115, in __aexit__\n    raise TimeoutError from exc_val\nTimeoutError","flaky":false,"newFailed":false,"newBroken":false,"newPassed":false,"retriesCount":1,"retriesStatusChange":true,"beforeStages":[{"name":"tmp_path_factory","time":{"start":1761960484181,"stop":1761960484181,"duration":0},"status":"passed","steps":[],"attachments":[],"parameters":[],"shouldDisplayMessage":false,"stepsCount":0,"attachmentsCount":0,"hasContent":false,"attachmentStep":false},{"name":"event_loop","time":{"start":1761960484181,"stop":1761960484181,"duration":0},"status":"passed","steps":[],"attachments":[],"parameters":[],"shouldDisplayMessage":false,"stepsCount":0,"attachmentsCount":0,"hasContent":false,"attachmentStep":false},{"name":"ops_test","time":{"start":1761960484181,"stop":1761960484417,"duration":236},"status":"passed","steps":[],"attachments":[],"parameters":[],"shouldDisplayMessage":false,"stepsCount":0,"attachmentsCount":0,"hasContent":false,"attachmentStep":false},{"name":"abort_on_fail","time":{"start":1761960484417,"stop":1761960484417,"duration":0},"status":"passed","steps":[],"attachments":[],"parameters":[],"shouldDisplayMessage":false,"stepsCount":0,"attachmentsCount":0,"hasContent":false,"attachmentStep":false}],"testStage":{"description":"Deploy bundle with apps and test various component integrations.","status":"broken","statusMessage":"TimeoutError","statusTrace":"Traceback (most recent call last):\n  File \"/usr/lib/python3.12/asyncio/tasks.py\", line 520, in wait_for\n    return await fut\n           ^^^^^^^^^\n  File \"/home/runner/work/mysql-k8s-bundle/mysql-k8s-bundle/.tox/integration/lib/python3.12/site-packages/juju/utils.py\", line 129, in _block\n    await jasyncio.sleep(wait_period)\n  File \"/usr/lib/python3.12/asyncio/tasks.py\", line 665, in sleep\n    return await future\n           ^^^^^^^^^^^^\nasyncio.exceptions.CancelledError\n\nThe above exception was the direct cause of the following exception:\n\nTraceback (most recent call last):\n  File \"/home/runner/work/mysql-k8s-bundle/mysql-k8s-bundle/.tox/integration/lib/python3.12/site-packages/_pytest/runner.py\", line 341, in from_call\n    result: TResult | None = func()\n                             ^^^^^^\n  File \"/home/runner/work/mysql-k8s-bundle/mysql-k8s-bundle/.tox/integration/lib/python3.12/site-packages/_pytest/runner.py\", line 242, in <lambda>\n    lambda: runtest_hook(item=item, **kwds), when=when, reraise=reraise\n            ^^^^^^^^^^^^^^^^^^^^^^^^^^^^^^^\n  File \"/home/runner/work/mysql-k8s-bundle/mysql-k8s-bundle/.tox/integration/lib/python3.12/site-packages/pluggy/_hooks.py\", line 513, in __call__\n    return self._hookexec(self.name, self._hookimpls.copy(), kwargs, firstresult)\n           ^^^^^^^^^^^^^^^^^^^^^^^^^^^^^^^^^^^^^^^^^^^^^^^^^^^^^^^^^^^^^^^^^^^^^^\n  File \"/home/runner/work/mysql-k8s-bundle/mysql-k8s-bundle/.tox/integration/lib/python3.12/site-packages/pluggy/_manager.py\", line 120, in _hookexec\n    return self._inner_hookexec(hook_name, methods, kwargs, firstresult)\n           ^^^^^^^^^^^^^^^^^^^^^^^^^^^^^^^^^^^^^^^^^^^^^^^^^^^^^^^^^^^^^\n  File \"/home/runner/work/mysql-k8s-bundle/mysql-k8s-bundle/.tox/integration/lib/python3.12/site-packages/pluggy/_callers.py\", line 182, in _multicall\n    return outcome.get_result()\n           ^^^^^^^^^^^^^^^^^^^^\n  File \"/home/runner/work/mysql-k8s-bundle/mysql-k8s-bundle/.tox/integration/lib/python3.12/site-packages/pluggy/_result.py\", line 100, in get_result\n    raise exc.with_traceback(exc.__traceback__)\n  File \"/home/runner/work/mysql-k8s-bundle/mysql-k8s-bundle/.tox/integration/lib/python3.12/site-packages/pluggy/_callers.py\", line 167, in _multicall\n    teardown.throw(outcome._exception)\n  File \"/home/runner/work/mysql-k8s-bundle/mysql-k8s-bundle/.tox/integration/lib/python3.12/site-packages/_pytest/threadexception.py\", line 92, in pytest_runtest_call\n    yield from thread_exception_runtest_hook()\n  File \"/home/runner/work/mysql-k8s-bundle/mysql-k8s-bundle/.tox/integration/lib/python3.12/site-packages/_pytest/threadexception.py\", line 68, in thread_exception_runtest_hook\n    yield\n  File \"/home/runner/work/mysql-k8s-bundle/mysql-k8s-bundle/.tox/integration/lib/python3.12/site-packages/pluggy/_callers.py\", line 167, in _multicall\n    teardown.throw(outcome._exception)\n  File \"/home/runner/work/mysql-k8s-bundle/mysql-k8s-bundle/.tox/integration/lib/python3.12/site-packages/_pytest/unraisableexception.py\", line 95, in pytest_runtest_call\n    yield from unraisable_exception_runtest_hook()\n  File \"/home/runner/work/mysql-k8s-bundle/mysql-k8s-bundle/.tox/integration/lib/python3.12/site-packages/_pytest/unraisableexception.py\", line 70, in unraisable_exception_runtest_hook\n    yield\n  File \"/home/runner/work/mysql-k8s-bundle/mysql-k8s-bundle/.tox/integration/lib/python3.12/site-packages/pluggy/_callers.py\", line 167, in _multicall\n    teardown.throw(outcome._exception)\n  File \"/home/runner/work/mysql-k8s-bundle/mysql-k8s-bundle/.tox/integration/lib/python3.12/site-packages/_pytest/logging.py\", line 846, in pytest_runtest_call\n    yield from self._runtest_for(item, \"call\")\n  File \"/home/runner/work/mysql-k8s-bundle/mysql-k8s-bundle/.tox/integration/lib/python3.12/site-packages/_pytest/logging.py\", line 829, in _runtest_for\n    yield\n  File \"/home/runner/work/mysql-k8s-bundle/mysql-k8s-bundle/.tox/integration/lib/python3.12/site-packages/pluggy/_callers.py\", line 167, in _multicall\n    teardown.throw(outcome._exception)\n  File \"/home/runner/work/mysql-k8s-bundle/mysql-k8s-bundle/.tox/integration/lib/python3.12/site-packages/_pytest/capture.py\", line 880, in pytest_runtest_call\n    return (yield)\n            ^^^^^\n  File \"/home/runner/work/mysql-k8s-bundle/mysql-k8s-bundle/.tox/integration/lib/python3.12/site-packages/pluggy/_callers.py\", line 167, in _multicall\n    teardown.throw(outcome._exception)\n  File \"/home/runner/work/mysql-k8s-bundle/mysql-k8s-bundle/.tox/integration/lib/python3.12/site-packages/_pytest/skipping.py\", line 257, in pytest_runtest_call\n    return (yield)\n            ^^^^^\n  File \"/home/runner/work/mysql-k8s-bundle/mysql-k8s-bundle/.tox/integration/lib/python3.12/site-packages/pluggy/_callers.py\", line 103, in _multicall\n    res = hook_impl.function(*args)\n          ^^^^^^^^^^^^^^^^^^^^^^^^^\n  File \"/home/runner/work/mysql-k8s-bundle/mysql-k8s-bundle/.tox/integration/lib/python3.12/site-packages/_pytest/runner.py\", line 174, in pytest_runtest_call\n    item.runtest()\n  File \"/home/runner/work/mysql-k8s-bundle/mysql-k8s-bundle/.tox/integration/lib/python3.12/site-packages/_pytest/python.py\", line 1627, in runtest\n    self.ihook.pytest_pyfunc_call(pyfuncitem=self)\n  File \"/home/runner/work/mysql-k8s-bundle/mysql-k8s-bundle/.tox/integration/lib/python3.12/site-packages/pluggy/_hooks.py\", line 513, in __call__\n    return self._hookexec(self.name, self._hookimpls.copy(), kwargs, firstresult)\n           ^^^^^^^^^^^^^^^^^^^^^^^^^^^^^^^^^^^^^^^^^^^^^^^^^^^^^^^^^^^^^^^^^^^^^^\n  File \"/home/runner/work/mysql-k8s-bundle/mysql-k8s-bundle/.tox/integration/lib/python3.12/site-packages/pluggy/_manager.py\", line 120, in _hookexec\n    return self._inner_hookexec(hook_name, methods, kwargs, firstresult)\n           ^^^^^^^^^^^^^^^^^^^^^^^^^^^^^^^^^^^^^^^^^^^^^^^^^^^^^^^^^^^^^\n  File \"/home/runner/work/mysql-k8s-bundle/mysql-k8s-bundle/.tox/integration/lib/python3.12/site-packages/pluggy/_callers.py\", line 182, in _multicall\n    return outcome.get_result()\n           ^^^^^^^^^^^^^^^^^^^^\n  File \"/home/runner/work/mysql-k8s-bundle/mysql-k8s-bundle/.tox/integration/lib/python3.12/site-packages/pluggy/_result.py\", line 100, in get_result\n    raise exc.with_traceback(exc.__traceback__)\n  File \"/home/runner/work/mysql-k8s-bundle/mysql-k8s-bundle/.tox/integration/lib/python3.12/site-packages/pluggy/_callers.py\", line 103, in _multicall\n    res = hook_impl.function(*args)\n          ^^^^^^^^^^^^^^^^^^^^^^^^^\n  File \"/home/runner/work/mysql-k8s-bundle/mysql-k8s-bundle/.tox/integration/lib/python3.12/site-packages/_pytest/python.py\", line 159, in pytest_pyfunc_call\n    result = testfunction(**testargs)\n             ^^^^^^^^^^^^^^^^^^^^^^^^\n  File \"/home/runner/work/mysql-k8s-bundle/mysql-k8s-bundle/.tox/integration/lib/python3.12/site-packages/pytest_asyncio/plugin.py\", line 529, in inner\n    _loop.run_until_complete(task)\n  File \"/usr/lib/python3.12/asyncio/base_events.py\", line 687, in run_until_complete\n    return future.result()\n           ^^^^^^^^^^^^^^^\n  File \"/home/runner/work/mysql-k8s-bundle/mysql-k8s-bundle/tests/integration/test_bundle.py\", line 95, in test_smoke\n    await ensure_statuses(ops_test)\n  File \"/home/runner/work/mysql-k8s-bundle/mysql-k8s-bundle/tests/integration/test_bundle.py\", line 45, in ensure_statuses\n    await ops_test.model.block_until(\n  File \"/home/runner/work/mysql-k8s-bundle/mysql-k8s-bundle/.tox/integration/lib/python3.12/site-packages/juju/model.py\", line 1046, in block_until\n    await utils.block_until(done,\n  File \"/home/runner/work/mysql-k8s-bundle/mysql-k8s-bundle/.tox/integration/lib/python3.12/site-packages/juju/utils.py\", line 130, in block_until\n    await jasyncio.shield(jasyncio.wait_for(_block(), timeout))\n  File \"/usr/lib/python3.12/asyncio/tasks.py\", line 519, in wait_for\n    async with timeouts.timeout(timeout):\n  File \"/usr/lib/python3.12/asyncio/timeouts.py\", line 115, in __aexit__\n    raise TimeoutError from exc_val\nTimeoutError","steps":[],"attachments":[{"uid":"5fbee701dbfa7847","name":"log","source":"5fbee701dbfa7847.txt","type":"text/plain","size":55493}],"parameters":[],"shouldDisplayMessage":true,"stepsCount":0,"attachmentsCount":1,"hasContent":true,"attachmentStep":false},"afterStages":[{"name":"abort_on_fail::0","time":{"start":1761961947068,"stop":1761961947068,"duration":0},"status":"passed","steps":[],"attachments":[],"parameters":[],"shouldDisplayMessage":false,"stepsCount":0,"attachmentsCount":0,"hasContent":false,"attachmentStep":false},{"name":"ops_test::finalizer","time":{"start":1761961947069,"stop":1761961948071,"duration":1002},"status":"passed","steps":[],"attachments":[],"parameters":[],"shouldDisplayMessage":false,"stepsCount":0,"attachmentsCount":0,"hasContent":false,"attachmentStep":false},{"name":"event_loop::2","time":{"start":1761961948072,"stop":1761961948072,"duration":0},"status":"passed","steps":[],"attachments":[],"parameters":[],"shouldDisplayMessage":false,"stepsCount":0,"attachmentsCount":0,"hasContent":false,"attachmentStep":false},{"name":"event_loop::_close_event_loop","time":{"start":1761961948072,"stop":1761961948072,"duration":0},"status":"passed","steps":[],"attachments":[],"parameters":[],"shouldDisplayMessage":false,"stepsCount":0,"attachmentsCount":0,"hasContent":false,"attachmentStep":false},{"name":"event_loop::_provide_clean_event_loop","time":{"start":1761961948072,"stop":1761961948072,"duration":0},"status":"passed","steps":[],"attachments":[],"parameters":[],"shouldDisplayMessage":false,"stepsCount":0,"attachmentsCount":0,"hasContent":false,"attachmentStep":false}],"labels":[{"name":"tag","value":"group(1)"},{"name":"tag","value":"abort_on_fail"},{"name":"tag","value":"asyncio"},{"name":"parentSuite","value":"tests.integration"},{"name":"suite","value":"test_bundle"},{"name":"host","value":"runnervmf2e7y"},{"name":"thread","value":"16725-MainThread"},{"name":"framework","value":"pytest"},{"name":"language","value":"cpython3"},{"name":"package","value":"tests.integration.test_bundle"},{"name":"resultFormat","value":"allure2"}],"parameters":[],"links":[],"hidden":false,"retry":false,"extra":{"severity":"normal","retries":[{"uid":"ed6249e1ba0d64c7","status":"unknown","time":{}}],"categories":[{"name":"Test defects","matchedStatuses":[]}],"history":{"statistic":{"failed":0,"broken":5,"skipped":0,"passed":7,"unknown":4,"total":16},"items":[{"uid":"6df1ca7b81cb0081","reportUrl":"../2109//#testresult/6df1ca7b81cb0081","status":"broken","statusDetails":"TimeoutError","time":{"start":1761873991357,"stop":1761875460961,"duration":1469604}},{"uid":"9b54b8e16ae6490f","reportUrl":"../2107//#testresult/9b54b8e16ae6490f","status":"broken","statusDetails":"TimeoutError","time":{"start":1761787703129,"stop":1761789156723,"duration":1453594}},{"uid":"6f5d7b8c4cad2ec9","reportUrl":"../2105//#testresult/6f5d7b8c4cad2ec9","status":"passed","time":{"start":1761701268336,"stop":1761701609423,"duration":341087}},{"uid":"e29d66df220b953f","reportUrl":"../2099//#testresult/e29d66df220b953f","status":"passed","time":{"start":1761614798077,"stop":1761615339296,"duration":541219}},{"uid":"db3acbdb303fc0ac","reportUrl":"../2095//#testresult/db3acbdb303fc0ac","status":"broken","statusDetails":"TimeoutError","time":{"start":1761528443700,"stop":1761529889053,"duration":1445353}},{"uid":"d7cb732702410421","reportUrl":"../2093//#testresult/d7cb732702410421","status":"unknown","time":{}},{"uid":"36571e1ebbd4d7f5","reportUrl":"../2091//#testresult/36571e1ebbd4d7f5","status":"passed","time":{"start":1761355691653,"stop":1761355968415,"duration":276762}},{"uid":"df1befd0cff2f491","reportUrl":"../2089//#testresult/df1befd0cff2f491","status":"passed","time":{"start":1761269329807,"stop":1761269637491,"duration":307684}},{"uid":"55628758510782b5","reportUrl":"../2088//#testresult/55628758510782b5","status":"passed","time":{"start":1761182918990,"stop":1761183185825,"duration":266835}},{"uid":"1f4f8e4328b874e0","reportUrl":"../2085//#testresult/1f4f8e4328b874e0","status":"passed","time":{"start":1761096470815,"stop":1761096708612,"duration":237797}},{"uid":"9b497a6e051d8f8f","reportUrl":"../2083//#testresult/9b497a6e051d8f8f","status":"passed","time":{"start":1761010159949,"stop":1761010473032,"duration":313083}},{"uid":"badf5ddae893af3c","reportUrl":"../2082//#testresult/badf5ddae893af3c","status":"unknown","time":{}},{"uid":"5eb83ce42117c443","reportUrl":"../2081//#testresult/5eb83ce42117c443","status":"unknown","time":{}},{"uid":"312dbd26b51a59e6","reportUrl":"../2080//#testresult/312dbd26b51a59e6","status":"unknown","time":{}},{"uid":"ade1304da0110fb3","reportUrl":"../2079//#testresult/ade1304da0110fb3","status":"broken","statusDetails":"TimeoutError","time":{"start":1760664436983,"stop":1760665863464,"duration":1426481}}]},"tags":["asyncio","abort_on_fail","group(1)"]},"source":"e7dc1acbb6b3bef6.json","parameterValues":[]}